<?xml version="1.0" encoding="utf-8"?>
<CoverageSession>
  <Summary numSequencePoints="637" visitedSequencePoints="634" numBranchPoints="298" visitedBranchPoints="298" sequenceCoverage="99.52" branchCoverage="100" maxCyclomaticComplexity="201" minCyclomaticComplexity="0" visitedClasses="7" numClasses="7" visitedMethods="83" numMethods="83" />
  <Modules>
    <Module hash="647F70B0-986B-45DD-93B8-D773CAB2D6A8">
      <ModulePath>ExportLibrary.dll</ModulePath>
      <ModuleTime>2024-08-13T10:53:34</ModuleTime>
      <ModuleName>ExportLibrary</ModuleName>
      <Files />
      <Classes />
    </Module>
    <Module hash="6B444E75-B083-41AF-82C8-A7FF480B480E">
      <ModulePath>s21_graph.dll</ModulePath>
      <ModuleTime>2024-08-13T10:53:34</ModuleTime>
      <ModuleName>s21_graph</ModuleName>
      <Files>
        <File uid="1" fullPath="/mnt/d/s21/C_charp/A2_SimpleNavigator_v1.0_C_sharp-1/src/S21_graph/Graph.cs" />
      </Files>
      <Classes>
        <Class>
          <Summary numSequencePoints="130" visitedSequencePoints="127" numBranchPoints="80" visitedBranchPoints="80" sequenceCoverage="97.69" branchCoverage="100" maxCyclomaticComplexity="22" minCyclomaticComplexity="1" visitedClasses="1" numClasses="1" visitedMethods="19" numMethods="19" />
          <FullName>s21_graph.Graph</FullName>
          <Methods>
            <Method cyclomaticComplexity="1" nPathComplexity="1" sequenceCoverage="100" branchCoverage="100" isConstructor="False" isGetter="True" isSetter="False" isStatic="True">
              <Summary numSequencePoints="1" visitedSequencePoints="1" numBranchPoints="0" visitedBranchPoints="0" sequenceCoverage="100" branchCoverage="100" maxCyclomaticComplexity="1" minCyclomaticComplexity="1" visitedClasses="0" numClasses="0" visitedMethods="1" numMethods="1" />
              <MetadataToken />
              <Name>System.Int32 s21_graph.Graph::get_MinPossibleValue()</Name>
              <FileRef uid="1" />
              <SequencePoints>
                <SequencePoint vc="4865" uspid="11" ordinal="0" sl="11" sc="1" el="11" ec="2" bec="0" bev="0" fileid="1" />
              </SequencePoints>
              <BranchPoints />
              <MethodPoint vc="1" uspid="0" p8:type="SequencePoint" ordinal="0" offset="0" sc="0" sl="11" ec="1" el="11" bec="0" bev="0" fileid="1" xmlns:p8="xsi" />
            </Method>
            <Method cyclomaticComplexity="1" nPathComplexity="1" sequenceCoverage="100" branchCoverage="100" isConstructor="False" isGetter="True" isSetter="False" isStatic="True">
              <Summary numSequencePoints="1" visitedSequencePoints="1" numBranchPoints="0" visitedBranchPoints="0" sequenceCoverage="100" branchCoverage="100" maxCyclomaticComplexity="1" minCyclomaticComplexity="1" visitedClasses="0" numClasses="0" visitedMethods="1" numMethods="1" />
              <MetadataToken />
              <Name>System.Int32 s21_graph.Graph::get_MaxPossibleValue()</Name>
              <FileRef uid="1" />
              <SequencePoints>
                <SequencePoint vc="4923" uspid="12" ordinal="0" sl="12" sc="1" el="12" ec="2" bec="0" bev="0" fileid="1" />
              </SequencePoints>
              <BranchPoints />
              <MethodPoint vc="1" uspid="0" p8:type="SequencePoint" ordinal="1" offset="1" sc="0" sl="12" ec="1" el="12" bec="0" bev="0" fileid="1" xmlns:p8="xsi" />
            </Method>
            <Method cyclomaticComplexity="1" nPathComplexity="1" sequenceCoverage="100" branchCoverage="100" isConstructor="False" isGetter="True" isSetter="False" isStatic="True">
              <Summary numSequencePoints="1" visitedSequencePoints="1" numBranchPoints="0" visitedBranchPoints="0" sequenceCoverage="100" branchCoverage="100" maxCyclomaticComplexity="1" minCyclomaticComplexity="1" visitedClasses="0" numClasses="0" visitedMethods="1" numMethods="1" />
              <MetadataToken />
              <Name>System.Int32 s21_graph.Graph::get_VertexCount()</Name>
              <FileRef uid="1" />
              <SequencePoints>
                <SequencePoint vc="455336" uspid="14" ordinal="0" sl="14" sc="1" el="14" ec="2" bec="0" bev="0" fileid="1" />
              </SequencePoints>
              <BranchPoints />
              <MethodPoint vc="1" uspid="0" p8:type="SequencePoint" ordinal="2" offset="2" sc="0" sl="14" ec="1" el="14" bec="0" bev="0" fileid="1" xmlns:p8="xsi" />
            </Method>
            <Method cyclomaticComplexity="1" nPathComplexity="1" sequenceCoverage="100" branchCoverage="100" isConstructor="False" isGetter="True" isSetter="False" isStatic="True">
              <Summary numSequencePoints="5" visitedSequencePoints="5" numBranchPoints="0" visitedBranchPoints="0" sequenceCoverage="100" branchCoverage="100" maxCyclomaticComplexity="1" minCyclomaticComplexity="1" visitedClasses="0" numClasses="0" visitedMethods="1" numMethods="1" />
              <MetadataToken />
              <Name>System.Int32 s21_graph.Graph::get_Item(System.Int32,System.Int32)</Name>
              <FileRef uid="1" />
              <SequencePoints>
                <SequencePoint vc="365074" uspid="17" ordinal="0" sl="17" sc="1" el="17" ec="2" bec="0" bev="0" fileid="1" />
                <SequencePoint vc="365074" uspid="18" ordinal="1" sl="18" sc="1" el="18" ec="2" bec="0" bev="0" fileid="1" />
                <SequencePoint vc="365074" uspid="19" ordinal="2" sl="19" sc="1" el="19" ec="2" bec="0" bev="0" fileid="1" />
                <SequencePoint vc="365066" uspid="20" ordinal="3" sl="20" sc="1" el="20" ec="2" bec="0" bev="0" fileid="1" />
                <SequencePoint vc="365066" uspid="21" ordinal="4" sl="21" sc="1" el="21" ec="2" bec="0" bev="0" fileid="1" />
              </SequencePoints>
              <BranchPoints />
              <MethodPoint vc="5" uspid="0" p8:type="SequencePoint" ordinal="3" offset="3" sc="0" sl="17" ec="1" el="21" bec="0" bev="0" fileid="1" xmlns:p8="xsi" />
            </Method>
            <Method cyclomaticComplexity="2" nPathComplexity="2" sequenceCoverage="100" branchCoverage="100" isConstructor="False" isGetter="False" isSetter="True" isStatic="True">
              <Summary numSequencePoints="8" visitedSequencePoints="8" numBranchPoints="2" visitedBranchPoints="2" sequenceCoverage="100" branchCoverage="100" maxCyclomaticComplexity="2" minCyclomaticComplexity="2" visitedClasses="0" numClasses="0" visitedMethods="1" numMethods="1" />
              <MetadataToken />
              <Name>System.Void s21_graph.Graph::set_Item(System.Int32,System.Int32,System.Int32)</Name>
              <FileRef uid="1" />
              <SequencePoints>
                <SequencePoint vc="13" uspid="22" ordinal="0" sl="22" sc="1" el="22" ec="2" bec="0" bev="0" fileid="1" />
                <SequencePoint vc="13" uspid="23" ordinal="1" sl="23" sc="1" el="23" ec="2" bec="0" bev="0" fileid="1" />
                <SequencePoint vc="11" uspid="24" ordinal="2" sl="24" sc="1" el="24" ec="2" bec="0" bev="0" fileid="1" />
                <SequencePoint vc="3" uspid="25" ordinal="3" sl="25" sc="1" el="25" ec="2" bec="0" bev="0" fileid="1" />
                <SequencePoint vc="2" uspid="27" ordinal="4" sl="27" sc="1" el="27" ec="2" bec="2" bev="2" fileid="1" />
                <SequencePoint vc="1" uspid="28" ordinal="5" sl="28" sc="1" el="28" ec="2" bec="0" bev="0" fileid="1" />
                <SequencePoint vc="1" uspid="29" ordinal="6" sl="29" sc="1" el="29" ec="2" bec="0" bev="0" fileid="1" />
                <SequencePoint vc="1" uspid="30" ordinal="7" sl="30" sc="1" el="30" ec="2" bec="0" bev="0" fileid="1" />
              </SequencePoints>
              <BranchPoints>
                <BranchPoint vc="1" uspid="27" ordinal="0" path="0" offset="50" offsetend="52" sl="27" fileid="1" />
                <BranchPoint vc="1" uspid="27" ordinal="1" path="1" offset="50" offsetend="72" sl="27" fileid="1" />
              </BranchPoints>
              <MethodPoint vc="8" uspid="0" p8:type="SequencePoint" ordinal="4" offset="4" sc="0" sl="22" ec="1" el="30" bec="0" bev="0" fileid="1" xmlns:p8="xsi" />
            </Method>
            <Method cyclomaticComplexity="22" nPathComplexity="22" sequenceCoverage="85" branchCoverage="100" isConstructor="False" isGetter="False" isSetter="False" isStatic="True">
              <Summary numSequencePoints="20" visitedSequencePoints="17" numBranchPoints="22" visitedBranchPoints="22" sequenceCoverage="85" branchCoverage="100" maxCyclomaticComplexity="22" minCyclomaticComplexity="22" visitedClasses="0" numClasses="0" visitedMethods="1" numMethods="1" />
              <MetadataToken />
              <Name>System.Void s21_graph.Graph::LoadGraphFromFile(System.String)</Name>
              <FileRef uid="1" />
              <SequencePoints>
                <SequencePoint vc="13" uspid="54" ordinal="0" sl="54" sc="1" el="54" ec="2" bec="0" bev="0" fileid="1" />
                <SequencePoint vc="13" uspid="55" ordinal="1" sl="55" sc="1" el="55" ec="2" bec="0" bev="0" fileid="1" />
                <SequencePoint vc="13" uspid="56" ordinal="2" sl="56" sc="1" el="56" ec="2" bec="12" bev="12" fileid="1" />
                <SequencePoint vc="13" uspid="57" ordinal="3" sl="57" sc="1" el="57" ec="2" bec="0" bev="0" fileid="1" />
                <SequencePoint vc="21" uspid="58" ordinal="4" sl="58" sc="1" el="58" ec="2" bec="0" bev="0" fileid="1" />
                <SequencePoint vc="8" uspid="59" ordinal="5" sl="59" sc="1" el="59" ec="2" bec="0" bev="0" fileid="1" />
                <SequencePoint vc="0" uspid="60" ordinal="6" sl="60" sc="1" el="60" ec="2" bec="0" bev="0" fileid="1" />
                <SequencePoint vc="5" uspid="62" ordinal="7" sl="62" sc="1" el="62" ec="2" bec="0" bev="0" fileid="1" />
                <SequencePoint vc="50" uspid="64" ordinal="8" sl="64" sc="1" el="64" ec="2" bec="2" bev="2" fileid="1" />
                <SequencePoint vc="16" uspid="65" ordinal="9" sl="65" sc="1" el="65" ec="2" bec="0" bev="0" fileid="1" />
                <SequencePoint vc="18" uspid="66" ordinal="10" sl="66" sc="1" el="66" ec="2" bec="2" bev="2" fileid="1" />
                <SequencePoint vc="2" uspid="67" ordinal="11" sl="67" sc="1" el="67" ec="2" bec="0" bev="0" fileid="1" />
                <SequencePoint vc="0" uspid="68" ordinal="12" sl="68" sc="1" el="68" ec="2" bec="0" bev="0" fileid="1" />
                <SequencePoint vc="408" uspid="70" ordinal="13" sl="70" sc="1" el="70" ec="2" bec="2" bev="2" fileid="1" />
                <SequencePoint vc="130" uspid="71" ordinal="14" sl="71" sc="1" el="71" ec="2" bec="4" bev="4" fileid="1" />
                <SequencePoint vc="2" uspid="72" ordinal="15" sl="72" sc="1" el="72" ec="2" bec="0" bev="0" fileid="1" />
                <SequencePoint vc="0" uspid="73" ordinal="16" sl="73" sc="1" el="73" ec="2" bec="0" bev="0" fileid="1" />
                <SequencePoint vc="126" uspid="74" ordinal="17" sl="74" sc="1" el="74" ec="2" bec="0" bev="0" fileid="1" />
                <SequencePoint vc="12" uspid="75" ordinal="18" sl="75" sc="1" el="75" ec="2" bec="0" bev="0" fileid="1" />
                <SequencePoint vc="1" uspid="76" ordinal="19" sl="76" sc="1" el="76" ec="2" bec="0" bev="0" fileid="1" />
              </SequencePoints>
              <BranchPoints>
                <BranchPoint vc="13" uspid="56" ordinal="0" path="0" offset="9" offsetend="11" sl="56" fileid="1" />
                <BranchPoint vc="12" uspid="56" ordinal="2" path="0" offset="13" offsetend="15" sl="56" fileid="1" />
                <BranchPoint vc="11" uspid="56" ordinal="4" path="0" offset="29" offsetend="31" sl="56" fileid="1" />
                <BranchPoint vc="10" uspid="56" ordinal="6" path="0" offset="45" offsetend="47" sl="56" fileid="1" />
                <BranchPoint vc="9" uspid="56" ordinal="8" path="0" offset="54" offsetend="56" sl="56" fileid="1" />
                <BranchPoint vc="4" uspid="56" ordinal="1" path="1" offset="9" offsetend="74" sl="56" fileid="1" />
                <BranchPoint vc="4" uspid="56" ordinal="3" path="1" offset="13" offsetend="74" sl="56" fileid="1" />
                <BranchPoint vc="4" uspid="56" ordinal="5" path="1" offset="29" offsetend="74" sl="56" fileid="1" />
                <BranchPoint vc="4" uspid="56" ordinal="7" path="1" offset="45" offsetend="74" sl="56" fileid="1" />
                <BranchPoint vc="4" uspid="56" ordinal="9" path="1" offset="54" offsetend="74" sl="56" fileid="1" />
                <BranchPoint vc="8" uspid="56" ordinal="10" path="0" offset="77" offsetend="79" sl="56" fileid="1" />
                <BranchPoint vc="5" uspid="56" ordinal="11" path="1" offset="77" offsetend="88" sl="56" fileid="1" />
                <BranchPoint vc="16" uspid="64" ordinal="21" path="1" offset="269" offsetend="118" sl="64" fileid="1" />
                <BranchPoint vc="2" uspid="66" ordinal="12" path="0" offset="151" offsetend="153" sl="66" fileid="1" />
                <BranchPoint vc="14" uspid="66" ordinal="13" path="1" offset="151" offsetend="162" sl="66" fileid="1" />
                <BranchPoint vc="128" uspid="70" ordinal="19" path="1" offset="249" offsetend="167" sl="70" fileid="1" />
                <BranchPoint vc="127" uspid="71" ordinal="14" path="0" offset="191" offsetend="193" sl="71" fileid="1" />
                <BranchPoint vc="1" uspid="71" ordinal="15" path="1" offset="191" offsetend="212" sl="71" fileid="1" />
                <BranchPoint vc="2" uspid="71" ordinal="16" path="0" offset="217" offsetend="219" sl="71" fileid="1" />
                <BranchPoint vc="126" uspid="71" ordinal="17" path="1" offset="217" offsetend="228" sl="71" fileid="1" />
                <BranchPoint vc="12" uspid="70" ordinal="18" path="0" offset="249" offsetend="251" sl="70" fileid="1" />
                <BranchPoint vc="1" uspid="64" ordinal="20" path="0" offset="269" offsetend="274" sl="64" fileid="1" />
              </BranchPoints>
              <MethodPoint vc="17" uspid="0" p8:type="SequencePoint" ordinal="5" offset="5" sc="0" sl="54" ec="1" el="76" bec="0" bev="0" fileid="1" xmlns:p8="xsi" />
            </Method>
            <Method cyclomaticComplexity="10" nPathComplexity="10" sequenceCoverage="100" branchCoverage="100" isConstructor="False" isGetter="False" isSetter="False" isStatic="True">
              <Summary numSequencePoints="19" visitedSequencePoints="19" numBranchPoints="10" visitedBranchPoints="10" sequenceCoverage="100" branchCoverage="100" maxCyclomaticComplexity="10" minCyclomaticComplexity="10" visitedClasses="0" numClasses="0" visitedMethods="1" numMethods="1" />
              <MetadataToken />
              <Name>System.Void s21_graph.Graph::ExportGraphToDot(System.String)</Name>
              <FileRef uid="1" />
              <SequencePoints>
                <SequencePoint vc="2" uspid="79" ordinal="0" sl="79" sc="1" el="79" ec="2" bec="0" bev="0" fileid="1" />
                <SequencePoint vc="2" uspid="80" ordinal="1" sl="80" sc="1" el="80" ec="2" bec="0" bev="0" fileid="1" />
                <SequencePoint vc="22" uspid="82" ordinal="2" sl="82" sc="1" el="82" ec="2" bec="2" bev="2" fileid="1" />
                <SequencePoint vc="6" uspid="83" ordinal="3" sl="83" sc="1" el="83" ec="2" bec="0" bev="0" fileid="1" />
                <SequencePoint vc="6" uspid="84" ordinal="4" sl="84" sc="1" el="84" ec="2" bec="0" bev="0" fileid="1" />
                <SequencePoint vc="2" uspid="86" ordinal="5" sl="86" sc="1" el="86" ec="2" bec="0" bev="0" fileid="1" />
                <SequencePoint vc="2" uspid="87" ordinal="6" sl="87" sc="1" el="87" ec="2" bec="2" bev="2" fileid="1" />
                <SequencePoint vc="22" uspid="89" ordinal="7" sl="89" sc="1" el="89" ec="2" bec="2" bev="2" fileid="1" />
                <SequencePoint vc="27" uspid="90" ordinal="8" sl="90" sc="1" el="90" ec="2" bec="2" bev="2" fileid="1" />
                <SequencePoint vc="15" uspid="91" ordinal="9" sl="91" sc="1" el="91" ec="2" bec="0" bev="0" fileid="1" />
                <SequencePoint vc="15" uspid="92" ordinal="10" sl="92" sc="1" el="92" ec="2" bec="0" bev="0" fileid="1" />
                <SequencePoint vc="23" uspid="93" ordinal="11" sl="93" sc="1" el="93" ec="2" bec="2" bev="2" fileid="1" />
                <SequencePoint vc="8" uspid="94" ordinal="12" sl="94" sc="1" el="94" ec="2" bec="0" bev="0" fileid="1" />
                <SequencePoint vc="8" uspid="95" ordinal="13" sl="95" sc="1" el="95" ec="2" bec="0" bev="0" fileid="1" />
                <SequencePoint vc="15" uspid="96" ordinal="14" sl="96" sc="1" el="96" ec="2" bec="0" bev="0" fileid="1" />
                <SequencePoint vc="6" uspid="97" ordinal="15" sl="97" sc="1" el="97" ec="2" bec="0" bev="0" fileid="1" />
                <SequencePoint vc="2" uspid="99" ordinal="16" sl="99" sc="1" el="99" ec="2" bec="0" bev="0" fileid="1" />
                <SequencePoint vc="2" uspid="101" ordinal="17" sl="101" sc="1" el="101" ec="2" bec="0" bev="0" fileid="1" />
                <SequencePoint vc="2" uspid="102" ordinal="18" sl="102" sc="1" el="102" ec="2" bec="0" bev="0" fileid="1" />
              </SequencePoints>
              <BranchPoints>
                <BranchPoint vc="6" uspid="82" ordinal="1" path="1" offset="101" offsetend="21" sl="82" fileid="1" />
                <BranchPoint vc="2" uspid="82" ordinal="0" path="0" offset="101" offsetend="103" sl="82" fileid="1" />
                <BranchPoint vc="1" uspid="87" ordinal="2" path="0" offset="111" offsetend="113" sl="87" fileid="1" />
                <BranchPoint vc="1" uspid="87" ordinal="3" path="1" offset="111" offsetend="120" sl="87" fileid="1" />
                <BranchPoint vc="6" uspid="89" ordinal="9" path="1" offset="305" offsetend="134" sl="89" fileid="1" />
                <BranchPoint vc="15" uspid="90" ordinal="7" path="1" offset="279" offsetend="148" sl="90" fileid="1" />
                <BranchPoint vc="8" uspid="93" ordinal="4" path="0" offset="171" offsetend="173" sl="93" fileid="1" />
                <BranchPoint vc="15" uspid="93" ordinal="5" path="1" offset="171" offsetend="258" sl="93" fileid="1" />
                <BranchPoint vc="6" uspid="90" ordinal="6" path="0" offset="279" offsetend="284" sl="90" fileid="1" />
                <BranchPoint vc="2" uspid="89" ordinal="8" path="0" offset="305" offsetend="310" sl="89" fileid="1" />
              </BranchPoints>
              <MethodPoint vc="19" uspid="0" p8:type="SequencePoint" ordinal="6" offset="6" sc="0" sl="79" ec="1" el="102" bec="0" bev="0" fileid="1" xmlns:p8="xsi" />
            </Method>
            <Method cyclomaticComplexity="4" nPathComplexity="4" sequenceCoverage="100" branchCoverage="100" isConstructor="False" isGetter="False" isSetter="False" isStatic="True">
              <Summary numSequencePoints="4" visitedSequencePoints="4" numBranchPoints="4" visitedBranchPoints="4" sequenceCoverage="100" branchCoverage="100" maxCyclomaticComplexity="4" minCyclomaticComplexity="4" visitedClasses="0" numClasses="0" visitedMethods="1" numMethods="1" />
              <MetadataToken />
              <Name>System.Void s21_graph.Graph::ThrowIfValueOutOrRange(System.Int32)</Name>
              <FileRef uid="1" />
              <SequencePoints>
                <SequencePoint vc="4865" uspid="104" ordinal="0" sl="104" sc="1" el="104" ec="2" bec="0" bev="0" fileid="1" />
                <SequencePoint vc="4867" uspid="105" ordinal="1" sl="105" sc="1" el="105" ec="2" bec="4" bev="4" fileid="1" />
                <SequencePoint vc="2" uspid="106" ordinal="2" sl="106" sc="1" el="106" ec="2" bec="0" bev="0" fileid="1" />
                <SequencePoint vc="4863" uspid="108" ordinal="3" sl="108" sc="1" el="108" ec="2" bec="0" bev="0" fileid="1" />
              </SequencePoints>
              <BranchPoints>
                <BranchPoint vc="4864" uspid="105" ordinal="0" path="0" offset="8" offsetend="10" sl="105" fileid="1" />
                <BranchPoint vc="1" uspid="105" ordinal="1" path="1" offset="8" offsetend="21" sl="105" fileid="1" />
                <BranchPoint vc="2" uspid="105" ordinal="2" path="0" offset="24" offsetend="26" sl="105" fileid="1" />
                <BranchPoint vc="4863" uspid="105" ordinal="3" path="1" offset="24" offsetend="38" sl="105" fileid="1" />
              </BranchPoints>
              <MethodPoint vc="4" uspid="0" p8:type="SequencePoint" ordinal="7" offset="7" sc="0" sl="104" ec="1" el="108" bec="0" bev="0" fileid="1" xmlns:p8="xsi" />
            </Method>
            <Method cyclomaticComplexity="8" nPathComplexity="8" sequenceCoverage="100" branchCoverage="100" isConstructor="False" isGetter="False" isSetter="False" isStatic="True">
              <Summary numSequencePoints="4" visitedSequencePoints="4" numBranchPoints="8" visitedBranchPoints="8" sequenceCoverage="100" branchCoverage="100" maxCyclomaticComplexity="8" minCyclomaticComplexity="8" visitedClasses="0" numClasses="0" visitedMethods="1" numMethods="1" />
              <MetadataToken />
              <Name>System.Void s21_graph.Graph::ThrowIfIndexOutOfRange(System.Int32,System.Int32)</Name>
              <FileRef uid="1" />
              <SequencePoints>
                <SequencePoint vc="365085" uspid="110" ordinal="0" sl="110" sc="1" el="110" ec="2" bec="0" bev="0" fileid="1" />
                <SequencePoint vc="365101" uspid="111" ordinal="1" sl="111" sc="1" el="111" ec="2" bec="8" bev="8" fileid="1" />
                <SequencePoint vc="16" uspid="112" ordinal="2" sl="112" sc="1" el="112" ec="2" bec="0" bev="0" fileid="1" />
                <SequencePoint vc="365069" uspid="114" ordinal="3" sl="114" sc="1" el="114" ec="2" bec="0" bev="0" fileid="1" />
              </SequencePoints>
              <BranchPoints>
                <BranchPoint vc="365081" uspid="111" ordinal="0" path="0" offset="3" offsetend="5" sl="111" fileid="1" />
                <BranchPoint vc="365077" uspid="111" ordinal="2" path="0" offset="12" offsetend="14" sl="111" fileid="1" />
                <BranchPoint vc="365073" uspid="111" ordinal="4" path="0" offset="16" offsetend="18" sl="111" fileid="1" />
                <BranchPoint vc="12" uspid="111" ordinal="1" path="1" offset="3" offsetend="29" sl="111" fileid="1" />
                <BranchPoint vc="12" uspid="111" ordinal="3" path="1" offset="12" offsetend="29" sl="111" fileid="1" />
                <BranchPoint vc="12" uspid="111" ordinal="5" path="1" offset="16" offsetend="29" sl="111" fileid="1" />
                <BranchPoint vc="16" uspid="111" ordinal="6" path="0" offset="32" offsetend="34" sl="111" fileid="1" />
                <BranchPoint vc="365069" uspid="111" ordinal="7" path="1" offset="32" offsetend="46" sl="111" fileid="1" />
              </BranchPoints>
              <MethodPoint vc="4" uspid="0" p8:type="SequencePoint" ordinal="8" offset="8" sc="0" sl="110" ec="1" el="114" bec="0" bev="0" fileid="1" xmlns:p8="xsi" />
            </Method>
            <Method cyclomaticComplexity="2" nPathComplexity="2" sequenceCoverage="100" branchCoverage="100" isConstructor="False" isGetter="False" isSetter="False" isStatic="True">
              <Summary numSequencePoints="4" visitedSequencePoints="4" numBranchPoints="2" visitedBranchPoints="2" sequenceCoverage="100" branchCoverage="100" maxCyclomaticComplexity="2" minCyclomaticComplexity="2" visitedClasses="0" numClasses="0" visitedMethods="1" numMethods="1" />
              <MetadataToken />
              <Name>System.Void s21_graph.Graph::ThrowIfNoContent()</Name>
              <FileRef uid="1" />
              <SequencePoints>
                <SequencePoint vc="365087" uspid="116" ordinal="0" sl="116" sc="1" el="116" ec="2" bec="0" bev="0" fileid="1" />
                <SequencePoint vc="365089" uspid="117" ordinal="1" sl="117" sc="1" el="117" ec="2" bec="2" bev="2" fileid="1" />
                <SequencePoint vc="2" uspid="118" ordinal="2" sl="118" sc="1" el="118" ec="2" bec="0" bev="0" fileid="1" />
                <SequencePoint vc="365085" uspid="120" ordinal="3" sl="120" sc="1" el="120" ec="2" bec="0" bev="0" fileid="1" />
              </SequencePoints>
              <BranchPoints>
                <BranchPoint vc="2" uspid="117" ordinal="0" path="0" offset="12" offsetend="14" sl="117" fileid="1" />
                <BranchPoint vc="365085" uspid="117" ordinal="1" path="1" offset="12" offsetend="26" sl="117" fileid="1" />
              </BranchPoints>
              <MethodPoint vc="4" uspid="0" p8:type="SequencePoint" ordinal="9" offset="9" sc="0" sl="116" ec="1" el="120" bec="0" bev="0" fileid="1" xmlns:p8="xsi" />
            </Method>
            <Method cyclomaticComplexity="10" nPathComplexity="10" sequenceCoverage="100" branchCoverage="100" isConstructor="False" isGetter="False" isSetter="False" isStatic="True">
              <Summary numSequencePoints="14" visitedSequencePoints="14" numBranchPoints="10" visitedBranchPoints="10" sequenceCoverage="100" branchCoverage="100" maxCyclomaticComplexity="10" minCyclomaticComplexity="10" visitedClasses="0" numClasses="0" visitedMethods="1" numMethods="1" />
              <MetadataToken />
              <Name>System.String s21_graph.Graph::ToString()</Name>
              <FileRef uid="1" />
              <SequencePoints>
                <SequencePoint vc="114" uspid="123" ordinal="0" sl="123" sc="1" el="123" ec="2" bec="0" bev="0" fileid="1" />
                <SequencePoint vc="115" uspid="124" ordinal="1" sl="124" sc="1" el="124" ec="2" bec="4" bev="4" fileid="1" />
                <SequencePoint vc="1" uspid="125" ordinal="2" sl="125" sc="1" el="125" ec="2" bec="0" bev="0" fileid="1" />
                <SequencePoint vc="113" uspid="128" ordinal="3" sl="128" sc="1" el="128" ec="2" bec="0" bev="0" fileid="1" />
                <SequencePoint vc="1927" uspid="130" ordinal="4" sl="130" sc="1" el="130" ec="2" bec="2" bev="2" fileid="1" />
                <SequencePoint vc="12879" uspid="131" ordinal="5" sl="131" sc="1" el="131" ec="2" bec="2" bev="2" fileid="1" />
                <SequencePoint vc="3915" uspid="132" ordinal="6" sl="132" sc="1" el="132" ec="2" bec="0" bev="0" fileid="1" />
                <SequencePoint vc="3915" uspid="133" ordinal="7" sl="133" sc="1" el="133" ec="2" bec="0" bev="0" fileid="1" />
                <SequencePoint vc="1021" uspid="134" ordinal="8" sl="134" sc="1" el="134" ec="2" bec="2" bev="2" fileid="1" />
                <SequencePoint vc="454" uspid="135" ordinal="9" sl="135" sc="1" el="135" ec="2" bec="0" bev="0" fileid="1" />
                <SequencePoint vc="454" uspid="136" ordinal="10" sl="136" sc="1" el="136" ec="2" bec="0" bev="0" fileid="1" />
                <SequencePoint vc="567" uspid="137" ordinal="11" sl="137" sc="1" el="137" ec="2" bec="0" bev="0" fileid="1" />
                <SequencePoint vc="113" uspid="139" ordinal="12" sl="139" sc="1" el="139" ec="2" bec="0" bev="0" fileid="1" />
                <SequencePoint vc="114" uspid="140" ordinal="13" sl="140" sc="1" el="140" ec="2" bec="0" bev="0" fileid="1" />
              </SequencePoints>
              <BranchPoints>
                <BranchPoint vc="113" uspid="124" ordinal="0" path="0" offset="12" offsetend="14" sl="124" fileid="1" />
                <BranchPoint vc="1" uspid="124" ordinal="1" path="1" offset="12" offsetend="25" sl="124" fileid="1" />
                <BranchPoint vc="1" uspid="124" ordinal="2" path="0" offset="28" offsetend="30" sl="124" fileid="1" />
                <BranchPoint vc="113" uspid="124" ordinal="3" path="1" offset="28" offsetend="38" sl="124" fileid="1" />
                <BranchPoint vc="567" uspid="130" ordinal="9" path="1" offset="255" offsetend="112" sl="130" fileid="1" />
                <BranchPoint vc="3915" uspid="131" ordinal="5" path="1" offset="197" offsetend="118" sl="131" fileid="1" />
                <BranchPoint vc="567" uspid="131" ordinal="4" path="0" offset="197" offsetend="199" sl="131" fileid="1" />
                <BranchPoint vc="454" uspid="134" ordinal="6" path="0" offset="218" offsetend="220" sl="134" fileid="1" />
                <BranchPoint vc="567" uspid="134" ordinal="7" path="1" offset="218" offsetend="234" sl="134" fileid="1" />
                <BranchPoint vc="113" uspid="130" ordinal="8" path="0" offset="255" offsetend="260" sl="130" fileid="1" />
              </BranchPoints>
              <MethodPoint vc="14" uspid="0" p8:type="SequencePoint" ordinal="10" offset="10" sc="0" sl="123" ec="1" el="140" bec="0" bev="0" fileid="1" xmlns:p8="xsi" />
            </Method>
            <Method cyclomaticComplexity="1" nPathComplexity="1" sequenceCoverage="100" branchCoverage="100" isConstructor="False" isGetter="False" isSetter="False" isStatic="True">
              <Summary numSequencePoints="3" visitedSequencePoints="3" numBranchPoints="0" visitedBranchPoints="0" sequenceCoverage="100" branchCoverage="100" maxCyclomaticComplexity="1" minCyclomaticComplexity="1" visitedClasses="0" numClasses="0" visitedMethods="1" numMethods="1" />
              <MetadataToken />
              <Name>System.Boolean s21_graph.Graph::Equals(System.Object)</Name>
              <FileRef uid="1" />
              <SequencePoints>
                <SequencePoint vc="1" uspid="142" ordinal="0" sl="142" sc="1" el="142" ec="2" bec="0" bev="0" fileid="1" />
                <SequencePoint vc="1" uspid="143" ordinal="1" sl="143" sc="1" el="143" ec="2" bec="0" bev="0" fileid="1" />
                <SequencePoint vc="1" uspid="144" ordinal="2" sl="144" sc="1" el="144" ec="2" bec="0" bev="0" fileid="1" />
              </SequencePoints>
              <BranchPoints />
              <MethodPoint vc="3" uspid="0" p8:type="SequencePoint" ordinal="11" offset="11" sc="0" sl="142" ec="1" el="144" bec="0" bev="0" fileid="1" xmlns:p8="xsi" />
            </Method>
            <Method cyclomaticComplexity="4" nPathComplexity="4" sequenceCoverage="100" branchCoverage="100" isConstructor="False" isGetter="False" isSetter="False" isStatic="True">
              <Summary numSequencePoints="4" visitedSequencePoints="4" numBranchPoints="4" visitedBranchPoints="4" sequenceCoverage="100" branchCoverage="100" maxCyclomaticComplexity="4" minCyclomaticComplexity="4" visitedClasses="0" numClasses="0" visitedMethods="1" numMethods="1" />
              <MetadataToken />
              <Name>System.Boolean s21_graph.Graph::Equals(s21_graph.Graph)</Name>
              <FileRef uid="1" />
              <SequencePoints>
                <SequencePoint vc="11" uspid="146" ordinal="0" sl="146" sc="1" el="146" ec="2" bec="0" bev="0" fileid="1" />
                <SequencePoint vc="11" uspid="147" ordinal="1" sl="147" sc="1" el="147" ec="2" bec="4" bev="4" fileid="1" />
                <SequencePoint vc="11" uspid="148" ordinal="2" sl="148" sc="1" el="148" ec="2" bec="0" bev="0" fileid="1" />
                <SequencePoint vc="11" uspid="149" ordinal="3" sl="149" sc="1" el="149" ec="2" bec="0" bev="0" fileid="1" />
              </SequencePoints>
              <BranchPoints>
                <BranchPoint vc="10" uspid="147" ordinal="0" path="0" offset="2" offsetend="4" sl="147" fileid="1" />
                <BranchPoint vc="6" uspid="147" ordinal="2" path="0" offset="16" offsetend="18" sl="147" fileid="1" />
                <BranchPoint vc="5" uspid="147" ordinal="1" path="1" offset="2" offsetend="37" sl="147" fileid="1" />
                <BranchPoint vc="5" uspid="147" ordinal="3" path="1" offset="16" offsetend="37" sl="147" fileid="1" />
              </BranchPoints>
              <MethodPoint vc="4" uspid="0" p8:type="SequencePoint" ordinal="12" offset="12" sc="0" sl="146" ec="1" el="149" bec="0" bev="0" fileid="1" xmlns:p8="xsi" />
            </Method>
            <Method cyclomaticComplexity="4" nPathComplexity="4" sequenceCoverage="100" branchCoverage="100" isConstructor="False" isGetter="False" isSetter="False" isStatic="True">
              <Summary numSequencePoints="10" visitedSequencePoints="10" numBranchPoints="4" visitedBranchPoints="4" sequenceCoverage="100" branchCoverage="100" maxCyclomaticComplexity="4" minCyclomaticComplexity="4" visitedClasses="0" numClasses="0" visitedMethods="1" numMethods="1" />
              <MetadataToken />
              <Name>System.Int32 s21_graph.Graph::GetHashCode()</Name>
              <FileRef uid="1" />
              <SequencePoints>
                <SequencePoint vc="22" uspid="151" ordinal="0" sl="151" sc="1" el="151" ec="2" bec="0" bev="0" fileid="1" />
                <SequencePoint vc="22" uspid="152" ordinal="1" sl="152" sc="1" el="152" ec="2" bec="0" bev="0" fileid="1" />
                <SequencePoint vc="22" uspid="153" ordinal="2" sl="153" sc="1" el="153" ec="2" bec="0" bev="0" fileid="1" />
                <SequencePoint vc="107" uspid="154" ordinal="3" sl="154" sc="1" el="154" ec="2" bec="2" bev="2" fileid="1" />
                <SequencePoint vc="177" uspid="155" ordinal="4" sl="155" sc="1" el="155" ec="2" bec="2" bev="2" fileid="1" />
                <SequencePoint vc="45" uspid="156" ordinal="5" sl="156" sc="1" el="156" ec="2" bec="0" bev="0" fileid="1" />
                <SequencePoint vc="45" uspid="157" ordinal="6" sl="157" sc="1" el="157" ec="2" bec="0" bev="0" fileid="1" />
                <SequencePoint vc="21" uspid="158" ordinal="7" sl="158" sc="1" el="158" ec="2" bec="0" bev="0" fileid="1" />
                <SequencePoint vc="22" uspid="160" ordinal="8" sl="160" sc="1" el="160" ec="2" bec="0" bev="0" fileid="1" />
                <SequencePoint vc="22" uspid="161" ordinal="9" sl="161" sc="1" el="161" ec="2" bec="0" bev="0" fileid="1" />
              </SequencePoints>
              <BranchPoints>
                <BranchPoint vc="21" uspid="154" ordinal="3" path="1" offset="91" offsetend="25" sl="154" fileid="1" />
                <BranchPoint vc="45" uspid="155" ordinal="1" path="1" offset="71" offsetend="30" sl="155" fileid="1" />
                <BranchPoint vc="21" uspid="155" ordinal="0" path="0" offset="71" offsetend="73" sl="155" fileid="1" />
                <BranchPoint vc="22" uspid="154" ordinal="2" path="0" offset="91" offsetend="93" sl="154" fileid="1" />
              </BranchPoints>
              <MethodPoint vc="10" uspid="0" p8:type="SequencePoint" ordinal="13" offset="13" sc="0" sl="151" ec="1" el="161" bec="0" bev="0" fileid="1" xmlns:p8="xsi" />
            </Method>
            <Method cyclomaticComplexity="6" nPathComplexity="6" sequenceCoverage="100" branchCoverage="100" isConstructor="False" isGetter="False" isSetter="False" isStatic="True">
              <Summary numSequencePoints="9" visitedSequencePoints="9" numBranchPoints="6" visitedBranchPoints="6" sequenceCoverage="100" branchCoverage="100" maxCyclomaticComplexity="6" minCyclomaticComplexity="6" visitedClasses="0" numClasses="0" visitedMethods="1" numMethods="1" />
              <MetadataToken />
              <Name>System.Boolean s21_graph.Graph::IsUndirected()</Name>
              <FileRef uid="1" />
              <SequencePoints>
                <SequencePoint vc="6" uspid="164" ordinal="0" sl="164" sc="1" el="164" ec="2" bec="0" bev="0" fileid="1" />
                <SequencePoint vc="65" uspid="165" ordinal="1" sl="165" sc="1" el="165" ec="2" bec="2" bev="2" fileid="1" />
                <SequencePoint vc="127" uspid="166" ordinal="2" sl="166" sc="1" el="166" ec="2" bec="2" bev="2" fileid="1" />
                <SequencePoint vc="33" uspid="167" ordinal="3" sl="167" sc="1" el="167" ec="2" bec="2" bev="2" fileid="1" />
                <SequencePoint vc="2" uspid="168" ordinal="4" sl="168" sc="1" el="168" ec="2" bec="0" bev="0" fileid="1" />
                <SequencePoint vc="29" uspid="170" ordinal="5" sl="170" sc="1" el="170" ec="2" bec="0" bev="0" fileid="1" />
                <SequencePoint vc="17" uspid="171" ordinal="6" sl="171" sc="1" el="171" ec="2" bec="0" bev="0" fileid="1" />
                <SequencePoint vc="4" uspid="173" ordinal="7" sl="173" sc="1" el="173" ec="2" bec="0" bev="0" fileid="1" />
                <SequencePoint vc="6" uspid="174" ordinal="8" sl="174" sc="1" el="174" ec="2" bec="0" bev="0" fileid="1" />
              </SequencePoints>
              <BranchPoints>
                <BranchPoint vc="19" uspid="165" ordinal="5" path="1" offset="91" offsetend="5" sl="165" fileid="1" />
                <BranchPoint vc="31" uspid="166" ordinal="3" path="1" offset="71" offsetend="12" sl="166" fileid="1" />
                <BranchPoint vc="2" uspid="167" ordinal="0" path="0" offset="46" offsetend="48" sl="167" fileid="1" />
                <BranchPoint vc="29" uspid="167" ordinal="1" path="1" offset="46" offsetend="53" sl="167" fileid="1" />
                <BranchPoint vc="17" uspid="166" ordinal="2" path="0" offset="71" offsetend="73" sl="166" fileid="1" />
                <BranchPoint vc="4" uspid="165" ordinal="4" path="0" offset="91" offsetend="93" sl="165" fileid="1" />
              </BranchPoints>
              <MethodPoint vc="9" uspid="0" p8:type="SequencePoint" ordinal="14" offset="14" sc="0" sl="164" ec="1" el="174" bec="0" bev="0" fileid="1" xmlns:p8="xsi" />
            </Method>
            <Method cyclomaticComplexity="1" nPathComplexity="1" sequenceCoverage="100" branchCoverage="100" isConstructor="False" isGetter="False" isSetter="False" isStatic="True">
              <Summary numSequencePoints="3" visitedSequencePoints="3" numBranchPoints="0" visitedBranchPoints="0" sequenceCoverage="100" branchCoverage="100" maxCyclomaticComplexity="1" minCyclomaticComplexity="1" visitedClasses="0" numClasses="0" visitedMethods="1" numMethods="1" />
              <MetadataToken />
              <Name>System.Void s21_graph.Graph::NullifyAndThrowIfWrongFile()</Name>
              <FileRef uid="1" />
              <SequencePoints>
                <SequencePoint vc="12" uspid="176" ordinal="0" sl="176" sc="1" el="176" ec="2" bec="0" bev="0" fileid="1" />
                <SequencePoint vc="12" uspid="177" ordinal="1" sl="177" sc="1" el="177" ec="2" bec="0" bev="0" fileid="1" />
                <SequencePoint vc="12" uspid="178" ordinal="2" sl="178" sc="1" el="178" ec="2" bec="0" bev="0" fileid="1" />
              </SequencePoints>
              <BranchPoints />
              <MethodPoint vc="3" uspid="0" p8:type="SequencePoint" ordinal="15" offset="15" sc="0" sl="176" ec="1" el="178" bec="0" bev="0" fileid="1" xmlns:p8="xsi" />
            </Method>
            <Method cyclomaticComplexity="1" nPathComplexity="1" sequenceCoverage="100" branchCoverage="100" isConstructor="False" isGetter="False" isSetter="False" isStatic="True">
              <Summary numSequencePoints="4" visitedSequencePoints="4" numBranchPoints="0" visitedBranchPoints="0" sequenceCoverage="100" branchCoverage="100" maxCyclomaticComplexity="1" minCyclomaticComplexity="1" visitedClasses="0" numClasses="0" visitedMethods="1" numMethods="1" />
              <MetadataToken />
              <Name>System.Void s21_graph.Graph::InitEmptyGraph()</Name>
              <FileRef uid="1" />
              <SequencePoints>
                <SequencePoint vc="13" uspid="181" ordinal="0" sl="181" sc="1" el="181" ec="2" bec="0" bev="0" fileid="1" />
                <SequencePoint vc="13" uspid="182" ordinal="1" sl="182" sc="1" el="182" ec="2" bec="0" bev="0" fileid="1" />
                <SequencePoint vc="13" uspid="183" ordinal="2" sl="183" sc="1" el="183" ec="2" bec="0" bev="0" fileid="1" />
                <SequencePoint vc="13" uspid="184" ordinal="3" sl="184" sc="1" el="184" ec="2" bec="0" bev="0" fileid="1" />
              </SequencePoints>
              <BranchPoints />
              <MethodPoint vc="4" uspid="0" p8:type="SequencePoint" ordinal="16" offset="16" sc="0" sl="181" ec="1" el="184" bec="0" bev="0" fileid="1" xmlns:p8="xsi" />
            </Method>
            <Method cyclomaticComplexity="1" nPathComplexity="1" sequenceCoverage="100" branchCoverage="100" isConstructor="True" isGetter="False" isSetter="False" isStatic="True">
              <Summary numSequencePoints="1" visitedSequencePoints="1" numBranchPoints="0" visitedBranchPoints="0" sequenceCoverage="100" branchCoverage="100" maxCyclomaticComplexity="1" minCyclomaticComplexity="1" visitedClasses="0" numClasses="0" visitedMethods="1" numMethods="1" />
              <MetadataToken />
              <Name>System.Void s21_graph.Graph::.ctor()</Name>
              <FileRef uid="1" />
              <SequencePoints>
                <SequencePoint vc="144" uspid="33" ordinal="0" sl="33" sc="1" el="33" ec="2" bec="0" bev="0" fileid="1" />
              </SequencePoints>
              <BranchPoints />
              <MethodPoint vc="1" uspid="0" p8:type="SequencePoint" ordinal="17" offset="17" sc="0" sl="33" ec="1" el="33" bec="0" bev="0" fileid="1" xmlns:p8="xsi" />
            </Method>
            <Method cyclomaticComplexity="8" nPathComplexity="8" sequenceCoverage="100" branchCoverage="100" isConstructor="True" isGetter="False" isSetter="False" isStatic="True">
              <Summary numSequencePoints="15" visitedSequencePoints="15" numBranchPoints="8" visitedBranchPoints="8" sequenceCoverage="100" branchCoverage="100" maxCyclomaticComplexity="8" minCyclomaticComplexity="8" visitedClasses="0" numClasses="0" visitedMethods="1" numMethods="1" />
              <MetadataToken />
              <Name>System.Void s21_graph.Graph::.ctor(System.Int32[0...,0...])</Name>
              <FileRef uid="1" />
              <SequencePoints>
                <SequencePoint vc="199" uspid="8" ordinal="0" sl="8" sc="1" el="8" ec="2" bec="0" bev="0" fileid="1" />
                <SequencePoint vc="398" uspid="35" ordinal="1" sl="35" sc="1" el="35" ec="2" bec="0" bev="0" fileid="1" />
                <SequencePoint vc="200" uspid="36" ordinal="2" sl="36" sc="1" el="36" ec="2" bec="2" bev="2" fileid="1" />
                <SequencePoint vc="1" uspid="37" ordinal="3" sl="37" sc="1" el="37" ec="2" bec="0" bev="0" fileid="1" />
                <SequencePoint vc="1" uspid="38" ordinal="4" sl="38" sc="1" el="38" ec="2" bec="0" bev="0" fileid="1" />
                <SequencePoint vc="199" uspid="40" ordinal="5" sl="40" sc="1" el="40" ec="2" bec="2" bev="2" fileid="1" />
                <SequencePoint vc="1" uspid="41" ordinal="6" sl="41" sc="1" el="41" ec="2" bec="0" bev="0" fileid="1" />
                <SequencePoint vc="2524" uspid="43" ordinal="7" sl="43" sc="1" el="43" ec="2" bec="2" bev="2" fileid="1" />
                <SequencePoint vc="16006" uspid="44" ordinal="8" sl="44" sc="1" el="44" ec="2" bec="2" bev="2" fileid="1" />
                <SequencePoint vc="4862" uspid="45" ordinal="9" sl="45" sc="1" el="45" ec="2" bec="0" bev="0" fileid="1" />
                <SequencePoint vc="4862" uspid="46" ordinal="10" sl="46" sc="1" el="46" ec="2" bec="0" bev="0" fileid="1" />
                <SequencePoint vc="710" uspid="47" ordinal="11" sl="47" sc="1" el="47" ec="2" bec="0" bev="0" fileid="1" />
                <SequencePoint vc="197" uspid="49" ordinal="12" sl="49" sc="1" el="49" ec="2" bec="0" bev="0" fileid="1" />
                <SequencePoint vc="197" uspid="50" ordinal="13" sl="50" sc="1" el="50" ec="2" bec="0" bev="0" fileid="1" />
                <SequencePoint vc="198" uspid="51" ordinal="14" sl="51" sc="1" el="51" ec="2" bec="0" bev="0" fileid="1" />
              </SequencePoints>
              <BranchPoints>
                <BranchPoint vc="1" uspid="36" ordinal="0" path="0" offset="27" offsetend="29" sl="36" fileid="1" />
                <BranchPoint vc="198" uspid="36" ordinal="1" path="1" offset="27" offsetend="42" sl="36" fileid="1" />
                <BranchPoint vc="1" uspid="40" ordinal="2" path="0" offset="63" offsetend="65" sl="40" fileid="1" />
                <BranchPoint vc="197" uspid="40" ordinal="3" path="1" offset="63" offsetend="77" sl="40" fileid="1" />
                <BranchPoint vc="710" uspid="43" ordinal="7" path="1" offset="142" offsetend="81" sl="43" fileid="1" />
                <BranchPoint vc="4862" uspid="44" ordinal="5" path="1" offset="121" offsetend="86" sl="44" fileid="1" />
                <BranchPoint vc="710" uspid="44" ordinal="4" path="0" offset="121" offsetend="123" sl="44" fileid="1" />
                <BranchPoint vc="197" uspid="43" ordinal="6" path="0" offset="142" offsetend="144" sl="43" fileid="1" />
              </BranchPoints>
              <MethodPoint vc="15" uspid="0" p8:type="SequencePoint" ordinal="18" offset="18" sc="0" sl="8" ec="1" el="51" bec="0" bev="0" fileid="1" xmlns:p8="xsi" />
            </Method>
          </Methods>
        </Class>
      </Classes>
    </Module>
    <Module hash="8849A5C4-4686-4627-9E15-3E0AC6899D6D">
      <ModulePath>s21_graph_algorithms.dll</ModulePath>
      <ModuleTime>2024-08-13T10:53:34</ModuleTime>
      <ModuleName>s21_graph_algorithms</ModuleName>
      <Files>
        <File uid="2" fullPath="/mnt/d/s21/C_charp/A2_SimpleNavigator_v1.0_C_sharp-1/src/S21_graph_algorithms/AntColonyPathFinder.cs" />
        <File uid="3" fullPath="/mnt/d/s21/C_charp/A2_SimpleNavigator_v1.0_C_sharp-1/src/S21_graph_algorithms/GraphAlgorithms.cs" />
        <File uid="4" fullPath="/mnt/d/s21/C_charp/A2_SimpleNavigator_v1.0_C_sharp-1/src/S21_graph_algorithms/TsmResult.cs" />
      </Files>
      <Classes>
        <Class>
          <Summary numSequencePoints="164" visitedSequencePoints="164" numBranchPoints="72" visitedBranchPoints="72" sequenceCoverage="100" branchCoverage="100" maxCyclomaticComplexity="18" minCyclomaticComplexity="1" visitedClasses="1" numClasses="1" visitedMethods="21" numMethods="21" />
          <FullName>s21_graph_algorithms.AntColonyPathFinder</FullName>
          <Methods>
            <Method cyclomaticComplexity="1" nPathComplexity="1" sequenceCoverage="100" branchCoverage="100" isConstructor="False" isGetter="True" isSetter="False" isStatic="True">
              <Summary numSequencePoints="1" visitedSequencePoints="1" numBranchPoints="0" visitedBranchPoints="0" sequenceCoverage="100" branchCoverage="100" maxCyclomaticComplexity="1" minCyclomaticComplexity="1" visitedClasses="0" numClasses="0" visitedMethods="1" numMethods="1" />
              <MetadataToken />
              <Name>System.Int32 s21_graph_algorithms.AntColonyPathFinder::get_StepsCount()</Name>
              <FileRef uid="2" />
              <SequencePoints>
                <SequencePoint vc="1333" uspid="8" ordinal="0" sl="8" sc="1" el="8" ec="2" bec="0" bev="0" fileid="2" />
              </SequencePoints>
              <BranchPoints />
              <MethodPoint vc="1" uspid="0" p8:type="SequencePoint" ordinal="0" offset="0" sc="0" sl="8" ec="1" el="8" bec="0" bev="0" fileid="2" xmlns:p8="xsi" />
            </Method>
            <Method cyclomaticComplexity="1" nPathComplexity="1" sequenceCoverage="100" branchCoverage="100" isConstructor="False" isGetter="True" isSetter="False" isStatic="True">
              <Summary numSequencePoints="1" visitedSequencePoints="1" numBranchPoints="0" visitedBranchPoints="0" sequenceCoverage="100" branchCoverage="100" maxCyclomaticComplexity="1" minCyclomaticComplexity="1" visitedClasses="0" numClasses="0" visitedMethods="1" numMethods="1" />
              <MetadataToken />
              <Name>System.Double s21_graph_algorithms.AntColonyPathFinder::get_AmountOfPheromone()</Name>
              <FileRef uid="2" />
              <SequencePoints>
                <SequencePoint vc="30987" uspid="9" ordinal="0" sl="9" sc="1" el="9" ec="2" bec="0" bev="0" fileid="2" />
              </SequencePoints>
              <BranchPoints />
              <MethodPoint vc="1" uspid="0" p8:type="SequencePoint" ordinal="1" offset="1" sc="0" sl="9" ec="1" el="9" bec="0" bev="0" fileid="2" xmlns:p8="xsi" />
            </Method>
            <Method cyclomaticComplexity="1" nPathComplexity="1" sequenceCoverage="100" branchCoverage="100" isConstructor="False" isGetter="True" isSetter="False" isStatic="True">
              <Summary numSequencePoints="1" visitedSequencePoints="1" numBranchPoints="0" visitedBranchPoints="0" sequenceCoverage="100" branchCoverage="100" maxCyclomaticComplexity="1" minCyclomaticComplexity="1" visitedClasses="0" numClasses="0" visitedMethods="1" numMethods="1" />
              <MetadataToken />
              <Name>System.Double s21_graph_algorithms.AntColonyPathFinder::get_InitAmountOfPheromone()</Name>
              <FileRef uid="2" />
              <SequencePoints>
                <SequencePoint vc="420" uspid="10" ordinal="0" sl="10" sc="1" el="10" ec="2" bec="0" bev="0" fileid="2" />
              </SequencePoints>
              <BranchPoints />
              <MethodPoint vc="1" uspid="0" p8:type="SequencePoint" ordinal="2" offset="2" sc="0" sl="10" ec="1" el="10" bec="0" bev="0" fileid="2" xmlns:p8="xsi" />
            </Method>
            <Method cyclomaticComplexity="1" nPathComplexity="1" sequenceCoverage="100" branchCoverage="100" isConstructor="False" isGetter="True" isSetter="False" isStatic="True">
              <Summary numSequencePoints="1" visitedSequencePoints="1" numBranchPoints="0" visitedBranchPoints="0" sequenceCoverage="100" branchCoverage="100" maxCyclomaticComplexity="1" minCyclomaticComplexity="1" visitedClasses="0" numClasses="0" visitedMethods="1" numMethods="1" />
              <MetadataToken />
              <Name>System.Double s21_graph_algorithms.AntColonyPathFinder::get_InfluenceDistanceRate()</Name>
              <FileRef uid="2" />
              <SequencePoints>
                <SequencePoint vc="127293" uspid="11" ordinal="0" sl="11" sc="1" el="11" ec="2" bec="0" bev="0" fileid="2" />
              </SequencePoints>
              <BranchPoints />
              <MethodPoint vc="1" uspid="0" p8:type="SequencePoint" ordinal="3" offset="3" sc="0" sl="11" ec="1" el="11" bec="0" bev="0" fileid="2" xmlns:p8="xsi" />
            </Method>
            <Method cyclomaticComplexity="1" nPathComplexity="1" sequenceCoverage="100" branchCoverage="100" isConstructor="False" isGetter="True" isSetter="False" isStatic="True">
              <Summary numSequencePoints="1" visitedSequencePoints="1" numBranchPoints="0" visitedBranchPoints="0" sequenceCoverage="100" branchCoverage="100" maxCyclomaticComplexity="1" minCyclomaticComplexity="1" visitedClasses="0" numClasses="0" visitedMethods="1" numMethods="1" />
              <MetadataToken />
              <Name>System.Double s21_graph_algorithms.AntColonyPathFinder::get_InfluencePheromoneRate()</Name>
              <FileRef uid="2" />
              <SequencePoints>
                <SequencePoint vc="127289" uspid="12" ordinal="0" sl="12" sc="1" el="12" ec="2" bec="0" bev="0" fileid="2" />
              </SequencePoints>
              <BranchPoints />
              <MethodPoint vc="1" uspid="0" p8:type="SequencePoint" ordinal="4" offset="4" sc="0" sl="12" ec="1" el="12" bec="0" bev="0" fileid="2" xmlns:p8="xsi" />
            </Method>
            <Method cyclomaticComplexity="1" nPathComplexity="1" sequenceCoverage="100" branchCoverage="100" isConstructor="False" isGetter="True" isSetter="False" isStatic="True">
              <Summary numSequencePoints="1" visitedSequencePoints="1" numBranchPoints="0" visitedBranchPoints="0" sequenceCoverage="100" branchCoverage="100" maxCyclomaticComplexity="1" minCyclomaticComplexity="1" visitedClasses="0" numClasses="0" visitedMethods="1" numMethods="1" />
              <MetadataToken />
              <Name>System.Double s21_graph_algorithms.AntColonyPathFinder::get_PheromoneEvaporationCoefficient()</Name>
              <FileRef uid="2" />
              <SequencePoints>
                <SequencePoint vc="58456" uspid="13" ordinal="0" sl="13" sc="1" el="13" ec="2" bec="0" bev="0" fileid="2" />
              </SequencePoints>
              <BranchPoints />
              <MethodPoint vc="1" uspid="0" p8:type="SequencePoint" ordinal="5" offset="5" sc="0" sl="13" ec="1" el="13" bec="0" bev="0" fileid="2" xmlns:p8="xsi" />
            </Method>
            <Method cyclomaticComplexity="1" nPathComplexity="1" sequenceCoverage="100" branchCoverage="100" isConstructor="False" isGetter="True" isSetter="False" isStatic="True">
              <Summary numSequencePoints="1" visitedSequencePoints="1" numBranchPoints="0" visitedBranchPoints="0" sequenceCoverage="100" branchCoverage="100" maxCyclomaticComplexity="1" minCyclomaticComplexity="1" visitedClasses="0" numClasses="0" visitedMethods="1" numMethods="1" />
              <MetadataToken />
              <Name>System.Nullable`1&lt;System.Int32&gt; s21_graph_algorithms.AntColonyPathFinder::get_RandomSeed()</Name>
              <FileRef uid="2" />
              <SequencePoints>
                <SequencePoint vc="35" uspid="14" ordinal="0" sl="14" sc="1" el="14" ec="2" bec="0" bev="0" fileid="2" />
              </SequencePoints>
              <BranchPoints />
              <MethodPoint vc="1" uspid="0" p8:type="SequencePoint" ordinal="6" offset="6" sc="0" sl="14" ec="1" el="14" bec="0" bev="0" fileid="2" xmlns:p8="xsi" />
            </Method>
            <Method cyclomaticComplexity="6" nPathComplexity="6" sequenceCoverage="100" branchCoverage="100" isConstructor="False" isGetter="False" isSetter="False" isStatic="True">
              <Summary numSequencePoints="15" visitedSequencePoints="15" numBranchPoints="6" visitedBranchPoints="6" sequenceCoverage="100" branchCoverage="100" maxCyclomaticComplexity="6" minCyclomaticComplexity="6" visitedClasses="0" numClasses="0" visitedMethods="1" numMethods="1" />
              <MetadataToken />
              <Name>s21_graph_algorithms.TsmResult s21_graph_algorithms.AntColonyPathFinder::GetPath(s21_graph.Graph,System.Nullable`1&lt;System.Int32&gt;)</Name>
              <FileRef uid="2" />
              <SequencePoints>
                <SequencePoint vc="18" uspid="43" ordinal="0" sl="43" sc="1" el="43" ec="2" bec="0" bev="0" fileid="2" />
                <SequencePoint vc="18" uspid="44" ordinal="1" sl="44" sc="1" el="44" ec="2" bec="0" bev="0" fileid="2" />
                <SequencePoint vc="18" uspid="45" ordinal="2" sl="45" sc="1" el="45" ec="2" bec="0" bev="0" fileid="2" />
                <SequencePoint vc="36" uspid="46" ordinal="3" sl="46" sc="1" el="46" ec="2" bec="2" bev="2" fileid="2" />
                <SequencePoint vc="18" uspid="47" ordinal="4" sl="47" sc="1" el="47" ec="2" bec="0" bev="0" fileid="2" />
                <SequencePoint vc="18" uspid="48" ordinal="5" sl="48" sc="1" el="48" ec="2" bec="0" bev="0" fileid="2" />
                <SequencePoint vc="18" uspid="50" ordinal="6" sl="50" sc="1" el="50" ec="2" bec="0" bev="0" fileid="2" />
                <SequencePoint vc="18" uspid="51" ordinal="7" sl="51" sc="1" el="51" ec="2" bec="0" bev="0" fileid="2" />
                <SequencePoint vc="2468" uspid="52" ordinal="8" sl="52" sc="1" el="52" ec="2" bec="2" bev="2" fileid="2" />
                <SequencePoint vc="1225" uspid="53" ordinal="9" sl="53" sc="1" el="53" ec="2" bec="0" bev="0" fileid="2" />
                <SequencePoint vc="1225" uspid="54" ordinal="10" sl="54" sc="1" el="54" ec="2" bec="0" bev="0" fileid="2" />
                <SequencePoint vc="26" uspid="56" ordinal="11" sl="56" sc="1" el="56" ec="2" bec="2" bev="2" fileid="2" />
                <SequencePoint vc="8" uspid="57" ordinal="12" sl="57" sc="1" el="57" ec="2" bec="0" bev="0" fileid="2" />
                <SequencePoint vc="10" uspid="60" ordinal="13" sl="60" sc="1" el="60" ec="2" bec="0" bev="0" fileid="2" />
                <SequencePoint vc="10" uspid="61" ordinal="14" sl="61" sc="1" el="61" ec="2" bec="0" bev="0" fileid="2" />
              </SequencePoints>
              <BranchPoints>
                <BranchPoint vc="18" uspid="46" ordinal="0" path="0" offset="26" offsetend="28" sl="46" fileid="2" />
                <BranchPoint vc="18" uspid="46" ordinal="1" path="1" offset="26" offsetend="57" sl="46" fileid="2" />
                <BranchPoint vc="1225" uspid="52" ordinal="3" path="1" offset="92" offsetend="68" sl="52" fileid="2" />
                <BranchPoint vc="18" uspid="52" ordinal="2" path="0" offset="92" offsetend="94" sl="52" fileid="2" />
                <BranchPoint vc="8" uspid="56" ordinal="4" path="0" offset="110" offsetend="112" sl="56" fileid="2" />
                <BranchPoint vc="10" uspid="56" ordinal="5" path="1" offset="110" offsetend="124" sl="56" fileid="2" />
              </BranchPoints>
              <MethodPoint vc="15" uspid="0" p8:type="SequencePoint" ordinal="7" offset="7" sc="0" sl="43" ec="1" el="61" bec="0" bev="0" fileid="2" xmlns:p8="xsi" />
            </Method>
            <Method cyclomaticComplexity="6" nPathComplexity="6" sequenceCoverage="100" branchCoverage="100" isConstructor="False" isGetter="False" isSetter="False" isStatic="True">
              <Summary numSequencePoints="13" visitedSequencePoints="13" numBranchPoints="6" visitedBranchPoints="6" sequenceCoverage="100" branchCoverage="100" maxCyclomaticComplexity="6" minCyclomaticComplexity="6" visitedClasses="0" numClasses="0" visitedMethods="1" numMethods="1" />
              <MetadataToken />
              <Name>System.Void s21_graph_algorithms.AntColonyPathFinder::ColonyStep()</Name>
              <FileRef uid="2" />
              <SequencePoints>
                <SequencePoint vc="1225" uspid="63" ordinal="0" sl="63" sc="1" el="63" ec="2" bec="0" bev="0" fileid="2" />
                <SequencePoint vc="1225" uspid="64" ordinal="1" sl="64" sc="1" el="64" ec="2" bec="0" bev="0" fileid="2" />
                <SequencePoint vc="1285" uspid="65" ordinal="2" sl="65" sc="1" el="65" ec="2" bec="2" bev="2" fileid="2" />
                <SequencePoint vc="1200" uspid="66" ordinal="3" sl="66" sc="1" el="66" ec="2" bec="2" bev="2" fileid="2" />
                <SequencePoint vc="360" uspid="67" ordinal="4" sl="67" sc="1" el="67" ec="2" bec="0" bev="0" fileid="2" />
                <SequencePoint vc="360" uspid="68" ordinal="5" sl="68" sc="1" el="68" ec="2" bec="0" bev="0" fileid="2" />
                <SequencePoint vc="1225" uspid="69" ordinal="6" sl="69" sc="1" el="69" ec="2" bec="0" bev="0" fileid="2" />
                <SequencePoint vc="23747" uspid="70" ordinal="7" sl="70" sc="1" el="70" ec="2" bec="2" bev="2" fileid="2" />
                <SequencePoint vc="7139" uspid="71" ordinal="8" sl="71" sc="1" el="71" ec="2" bec="0" bev="0" fileid="2" />
                <SequencePoint vc="7139" uspid="72" ordinal="9" sl="72" sc="1" el="72" ec="2" bec="0" bev="0" fileid="2" />
                <SequencePoint vc="1165" uspid="73" ordinal="10" sl="73" sc="1" el="73" ec="2" bec="0" bev="0" fileid="2" />
                <SequencePoint vc="1225" uspid="75" ordinal="11" sl="75" sc="1" el="75" ec="2" bec="0" bev="0" fileid="2" />
                <SequencePoint vc="1225" uspid="76" ordinal="12" sl="76" sc="1" el="76" ec="2" bec="0" bev="0" fileid="2" />
              </SequencePoints>
              <BranchPoints>
                <BranchPoint vc="60" uspid="65" ordinal="0" path="0" offset="50" offsetend="52" sl="65" fileid="2" />
                <BranchPoint vc="360" uspid="66" ordinal="3" path="1" offset="93" offsetend="57" sl="66" fileid="2" />
                <BranchPoint vc="60" uspid="66" ordinal="2" path="0" offset="93" offsetend="95" sl="66" fileid="2" />
                <BranchPoint vc="1165" uspid="65" ordinal="1" path="1" offset="50" offsetend="98" sl="65" fileid="2" />
                <BranchPoint vc="7139" uspid="70" ordinal="5" path="1" offset="153" offsetend="104" sl="70" fileid="2" />
                <BranchPoint vc="1165" uspid="70" ordinal="4" path="0" offset="153" offsetend="155" sl="70" fileid="2" />
              </BranchPoints>
              <MethodPoint vc="13" uspid="0" p8:type="SequencePoint" ordinal="8" offset="8" sc="0" sl="63" ec="1" el="76" bec="0" bev="0" fileid="2" xmlns:p8="xsi" />
            </Method>
            <Method cyclomaticComplexity="8" nPathComplexity="8" sequenceCoverage="100" branchCoverage="100" isConstructor="False" isGetter="False" isSetter="False" isStatic="True">
              <Summary numSequencePoints="26" visitedSequencePoints="26" numBranchPoints="8" visitedBranchPoints="8" sequenceCoverage="100" branchCoverage="100" maxCyclomaticComplexity="8" minCyclomaticComplexity="8" visitedClasses="0" numClasses="0" visitedMethods="1" numMethods="1" />
              <MetadataToken />
              <Name>System.Void s21_graph_algorithms.AntColonyPathFinder::AntRun(System.Int32,System.Double[0...,0...])</Name>
              <FileRef uid="2" />
              <SequencePoints>
                <SequencePoint vc="7499" uspid="78" ordinal="0" sl="78" sc="1" el="78" ec="2" bec="0" bev="0" fileid="2" />
                <SequencePoint vc="7499" uspid="79" ordinal="1" sl="79" sc="1" el="79" ec="2" bec="0" bev="0" fileid="2" />
                <SequencePoint vc="7499" uspid="80" ordinal="2" sl="80" sc="1" el="80" ec="2" bec="0" bev="0" fileid="2" />
                <SequencePoint vc="7499" uspid="81" ordinal="3" sl="81" sc="1" el="81" ec="2" bec="0" bev="0" fileid="2" />
                <SequencePoint vc="7499" uspid="82" ordinal="4" sl="82" sc="1" el="82" ec="2" bec="0" bev="0" fileid="2" />
                <SequencePoint vc="7499" uspid="83" ordinal="5" sl="83" sc="1" el="83" ec="2" bec="0" bev="0" fileid="2" />
                <SequencePoint vc="78957" uspid="84" ordinal="6" sl="84" sc="1" el="84" ec="2" bec="2" bev="2" fileid="2" />
                <SequencePoint vc="37193" uspid="85" ordinal="7" sl="85" sc="1" el="85" ec="2" bec="0" bev="0" fileid="2" />
                <SequencePoint vc="37193" uspid="86" ordinal="8" sl="86" sc="1" el="86" ec="2" bec="0" bev="0" fileid="2" />
                <SequencePoint vc="40121" uspid="87" ordinal="9" sl="87" sc="1" el="87" ec="2" bec="2" bev="2" fileid="2" />
                <SequencePoint vc="2928" uspid="88" ordinal="10" sl="88" sc="1" el="88" ec="2" bec="0" bev="0" fileid="2" />
                <SequencePoint vc="34265" uspid="91" ordinal="11" sl="91" sc="1" el="91" ec="2" bec="0" bev="0" fileid="2" />
                <SequencePoint vc="34265" uspid="92" ordinal="12" sl="92" sc="1" el="92" ec="2" bec="0" bev="0" fileid="2" />
                <SequencePoint vc="34265" uspid="93" ordinal="13" sl="93" sc="1" el="93" ec="2" bec="0" bev="0" fileid="2" />
                <SequencePoint vc="34265" uspid="94" ordinal="14" sl="94" sc="1" el="94" ec="2" bec="0" bev="0" fileid="2" />
                <SequencePoint vc="4571" uspid="95" ordinal="15" sl="95" sc="1" el="95" ec="2" bec="0" bev="0" fileid="2" />
                <SequencePoint vc="4931" uspid="96" ordinal="16" sl="96" sc="1" el="96" ec="2" bec="2" bev="2" fileid="2" />
                <SequencePoint vc="360" uspid="97" ordinal="17" sl="97" sc="1" el="97" ec="2" bec="0" bev="0" fileid="2" />
                <SequencePoint vc="4211" uspid="101" ordinal="18" sl="101" sc="1" el="101" ec="2" bec="0" bev="0" fileid="2" />
                <SequencePoint vc="4211" uspid="102" ordinal="19" sl="102" sc="1" el="102" ec="2" bec="0" bev="0" fileid="2" />
                <SequencePoint vc="4211" uspid="104" ordinal="20" sl="104" sc="1" el="104" ec="2" bec="0" bev="0" fileid="2" />
                <SequencePoint vc="5993" uspid="105" ordinal="21" sl="105" sc="1" el="105" ec="2" bec="2" bev="2" fileid="2" />
                <SequencePoint vc="1782" uspid="106" ordinal="22" sl="106" sc="1" el="106" ec="2" bec="0" bev="0" fileid="2" />
                <SequencePoint vc="1782" uspid="107" ordinal="23" sl="107" sc="1" el="107" ec="2" bec="0" bev="0" fileid="2" />
                <SequencePoint vc="1782" uspid="108" ordinal="24" sl="108" sc="1" el="108" ec="2" bec="0" bev="0" fileid="2" />
                <SequencePoint vc="7499" uspid="109" ordinal="25" sl="109" sc="1" el="109" ec="2" bec="0" bev="0" fileid="2" />
              </SequencePoints>
              <BranchPoints>
                <BranchPoint vc="37193" uspid="84" ordinal="3" path="1" offset="178" offsetend="72" sl="84" fileid="2" />
                <BranchPoint vc="2928" uspid="87" ordinal="0" path="0" offset="112" offsetend="114" sl="87" fileid="2" />
                <BranchPoint vc="34265" uspid="87" ordinal="1" path="1" offset="112" offsetend="120" sl="87" fileid="2" />
                <BranchPoint vc="4571" uspid="84" ordinal="2" path="0" offset="178" offsetend="180" sl="84" fileid="2" />
                <BranchPoint vc="360" uspid="96" ordinal="4" path="0" offset="217" offsetend="219" sl="96" fileid="2" />
                <BranchPoint vc="4211" uspid="96" ordinal="5" path="1" offset="217" offsetend="222" sl="96" fileid="2" />
                <BranchPoint vc="1782" uspid="105" ordinal="6" path="0" offset="274" offsetend="276" sl="105" fileid="2" />
                <BranchPoint vc="7499" uspid="105" ordinal="7" path="1" offset="274" offsetend="293" sl="105" fileid="2" />
              </BranchPoints>
              <MethodPoint vc="26" uspid="0" p8:type="SequencePoint" ordinal="9" offset="9" sc="0" sl="78" ec="1" el="109" bec="0" bev="0" fileid="2" xmlns:p8="xsi" />
            </Method>
            <Method cyclomaticComplexity="2" nPathComplexity="2" sequenceCoverage="100" branchCoverage="100" isConstructor="False" isGetter="False" isSetter="False" isStatic="True">
              <Summary numSequencePoints="7" visitedSequencePoints="7" numBranchPoints="2" visitedBranchPoints="2" sequenceCoverage="100" branchCoverage="100" maxCyclomaticComplexity="2" minCyclomaticComplexity="2" visitedClasses="0" numClasses="0" visitedMethods="1" numMethods="1" />
              <MetadataToken />
              <Name>System.Void s21_graph_algorithms.AntColonyPathFinder::UpdateDeltaPheromone(System.Collections.Generic.List`1&lt;System.Int32&gt;,System.Int32,System.Double[0...,0...])</Name>
              <FileRef uid="2" />
              <SequencePoints>
                <SequencePoint vc="4211" uspid="111" ordinal="0" sl="111" sc="1" el="111" ec="2" bec="0" bev="0" fileid="2" />
                <SequencePoint vc="101305" uspid="112" ordinal="1" sl="112" sc="1" el="112" ec="2" bec="2" bev="2" fileid="2" />
                <SequencePoint vc="30961" uspid="113" ordinal="2" sl="113" sc="1" el="113" ec="2" bec="0" bev="0" fileid="2" />
                <SequencePoint vc="30961" uspid="114" ordinal="3" sl="114" sc="1" el="114" ec="2" bec="0" bev="0" fileid="2" />
                <SequencePoint vc="30961" uspid="115" ordinal="4" sl="115" sc="1" el="115" ec="2" bec="0" bev="0" fileid="2" />
                <SequencePoint vc="30961" uspid="116" ordinal="5" sl="116" sc="1" el="116" ec="2" bec="0" bev="0" fileid="2" />
                <SequencePoint vc="4211" uspid="117" ordinal="6" sl="117" sc="1" el="117" ec="2" bec="0" bev="0" fileid="2" />
              </SequencePoints>
              <BranchPoints>
                <BranchPoint vc="30961" uspid="112" ordinal="1" path="1" offset="61" offsetend="5" sl="112" fileid="2" />
                <BranchPoint vc="4211" uspid="112" ordinal="0" path="0" offset="61" offsetend="63" sl="112" fileid="2" />
              </BranchPoints>
              <MethodPoint vc="7" uspid="0" p8:type="SequencePoint" ordinal="10" offset="10" sc="0" sl="111" ec="1" el="117" bec="0" bev="0" fileid="2" xmlns:p8="xsi" />
            </Method>
            <Method cyclomaticComplexity="2" nPathComplexity="2" sequenceCoverage="100" branchCoverage="100" isConstructor="False" isGetter="False" isSetter="False" isStatic="True">
              <Summary numSequencePoints="10" visitedSequencePoints="10" numBranchPoints="2" visitedBranchPoints="2" sequenceCoverage="100" branchCoverage="100" maxCyclomaticComplexity="2" minCyclomaticComplexity="2" visitedClasses="0" numClasses="0" visitedMethods="1" numMethods="1" />
              <MetadataToken />
              <Name>System.Int32 s21_graph_algorithms.AntColonyPathFinder::ChooseNextVertex(System.Int32,System.Boolean[])</Name>
              <FileRef uid="2" />
              <SequencePoints>
                <SequencePoint vc="37193" uspid="119" ordinal="0" sl="119" sc="1" el="119" ec="2" bec="0" bev="0" fileid="2" />
                <SequencePoint vc="37193" uspid="120" ordinal="1" sl="120" sc="1" el="120" ec="2" bec="0" bev="0" fileid="2" />
                <SequencePoint vc="37193" uspid="121" ordinal="2" sl="121" sc="1" el="121" ec="2" bec="0" bev="0" fileid="2" />
                <SequencePoint vc="40121" uspid="123" ordinal="3" sl="123" sc="1" el="123" ec="2" bec="2" bev="2" fileid="2" />
                <SequencePoint vc="2928" uspid="124" ordinal="4" sl="124" sc="1" el="124" ec="2" bec="0" bev="0" fileid="2" />
                <SequencePoint vc="34265" uspid="127" ordinal="5" sl="127" sc="1" el="127" ec="2" bec="0" bev="0" fileid="2" />
                <SequencePoint vc="325127" uspid="128" ordinal="6" sl="128" sc="1" el="128" ec="2" bec="0" bev="0" fileid="2" />
                <SequencePoint vc="34265" uspid="129" ordinal="7" sl="129" sc="1" el="129" ec="2" bec="0" bev="0" fileid="2" />
                <SequencePoint vc="238530" uspid="131" ordinal="8" sl="131" sc="1" el="131" ec="2" bec="0" bev="0" fileid="2" />
                <SequencePoint vc="37193" uspid="132" ordinal="9" sl="132" sc="1" el="132" ec="2" bec="0" bev="0" fileid="2" />
              </SequencePoints>
              <BranchPoints>
                <BranchPoint vc="2928" uspid="123" ordinal="0" path="0" offset="49" offsetend="51" sl="123" fileid="2" />
                <BranchPoint vc="34265" uspid="123" ordinal="1" path="1" offset="49" offsetend="56" sl="123" fileid="2" />
              </BranchPoints>
              <MethodPoint vc="10" uspid="0" p8:type="SequencePoint" ordinal="11" offset="11" sc="0" sl="119" ec="1" el="132" bec="0" bev="0" fileid="2" xmlns:p8="xsi" />
            </Method>
            <Method cyclomaticComplexity="8" nPathComplexity="8" sequenceCoverage="100" branchCoverage="100" isConstructor="False" isGetter="False" isSetter="False" isStatic="True">
              <Summary numSequencePoints="11" visitedSequencePoints="11" numBranchPoints="8" visitedBranchPoints="8" sequenceCoverage="100" branchCoverage="100" maxCyclomaticComplexity="8" minCyclomaticComplexity="8" visitedClasses="0" numClasses="0" visitedMethods="1" numMethods="1" />
              <MetadataToken />
              <Name>System.Double[] s21_graph_algorithms.AntColonyPathFinder::GetNightboursProbabilities(System.Int32,System.Boolean[])</Name>
              <FileRef uid="2" />
              <SequencePoints>
                <SequencePoint vc="37193" uspid="134" ordinal="0" sl="134" sc="1" el="134" ec="2" bec="0" bev="0" fileid="2" />
                <SequencePoint vc="37193" uspid="135" ordinal="1" sl="135" sc="1" el="135" ec="2" bec="0" bev="0" fileid="2" />
                <SequencePoint vc="37193" uspid="136" ordinal="2" sl="136" sc="1" el="136" ec="2" bec="0" bev="0" fileid="2" />
                <SequencePoint vc="1024660" uspid="137" ordinal="3" sl="137" sc="1" el="137" ec="2" bec="2" bev="2" fileid="2" />
                <SequencePoint vc="444004" uspid="138" ordinal="4" sl="138" sc="1" el="138" ec="2" bec="4" bev="4" fileid="2" />
                <SequencePoint vc="127246" uspid="139" ordinal="5" sl="139" sc="1" el="139" ec="2" bec="0" bev="0" fileid="2" />
                <SequencePoint vc="127246" uspid="140" ordinal="6" sl="140" sc="1" el="140" ec="2" bec="0" bev="0" fileid="2" />
                <SequencePoint vc="127246" uspid="141" ordinal="7" sl="141" sc="1" el="141" ec="2" bec="0" bev="0" fileid="2" />
                <SequencePoint vc="316758" uspid="142" ordinal="8" sl="142" sc="1" el="142" ec="2" bec="0" bev="0" fileid="2" />
                <SequencePoint vc="362320" uspid="143" ordinal="9" sl="143" sc="1" el="143" ec="2" bec="2" bev="2" fileid="2" />
                <SequencePoint vc="37193" uspid="144" ordinal="10" sl="144" sc="1" el="144" ec="2" bec="0" bev="0" fileid="2" />
              </SequencePoints>
              <BranchPoints>
                <BranchPoint vc="316758" uspid="137" ordinal="5" path="1" offset="130" offsetend="45" sl="137" fileid="2" />
                <BranchPoint vc="221536" uspid="138" ordinal="0" path="0" offset="60" offsetend="62" sl="138" fileid="2" />
                <BranchPoint vc="95222" uspid="138" ordinal="1" path="1" offset="60" offsetend="70" sl="138" fileid="2" />
                <BranchPoint vc="127246" uspid="138" ordinal="2" path="0" offset="73" offsetend="75" sl="138" fileid="2" />
                <BranchPoint vc="316758" uspid="138" ordinal="3" path="1" offset="73" offsetend="104" sl="138" fileid="2" />
                <BranchPoint vc="37193" uspid="137" ordinal="4" path="0" offset="130" offsetend="132" sl="137" fileid="2" />
                <BranchPoint vc="2928" uspid="143" ordinal="6" path="0" offset="147" offsetend="149" sl="143" fileid="2" />
                <BranchPoint vc="34265" uspid="143" ordinal="7" path="1" offset="147" offsetend="152" sl="143" fileid="2" />
              </BranchPoints>
              <MethodPoint vc="11" uspid="0" p8:type="SequencePoint" ordinal="12" offset="12" sc="0" sl="134" ec="1" el="144" bec="0" bev="0" fileid="2" xmlns:p8="xsi" />
            </Method>
            <Method cyclomaticComplexity="1" nPathComplexity="1" sequenceCoverage="100" branchCoverage="100" isConstructor="False" isGetter="False" isSetter="False" isStatic="True">
              <Summary numSequencePoints="4" visitedSequencePoints="4" numBranchPoints="0" visitedBranchPoints="0" sequenceCoverage="100" branchCoverage="100" maxCyclomaticComplexity="1" minCyclomaticComplexity="1" visitedClasses="0" numClasses="0" visitedMethods="1" numMethods="1" />
              <MetadataToken />
              <Name>System.Double s21_graph_algorithms.AntColonyPathFinder::DesirabilityOfTransitionBetweenTwoVertices(System.Int32,System.Int32)</Name>
              <FileRef uid="2" />
              <SequencePoints>
                <SequencePoint vc="127246" uspid="146" ordinal="0" sl="146" sc="1" el="146" ec="2" bec="0" bev="0" fileid="2" />
                <SequencePoint vc="127246" uspid="147" ordinal="1" sl="147" sc="1" el="147" ec="2" bec="0" bev="0" fileid="2" />
                <SequencePoint vc="127246" uspid="148" ordinal="2" sl="148" sc="1" el="148" ec="2" bec="0" bev="0" fileid="2" />
                <SequencePoint vc="127246" uspid="149" ordinal="3" sl="149" sc="1" el="149" ec="2" bec="0" bev="0" fileid="2" />
              </SequencePoints>
              <BranchPoints />
              <MethodPoint vc="4" uspid="0" p8:type="SequencePoint" ordinal="13" offset="13" sc="0" sl="146" ec="1" el="149" bec="0" bev="0" fileid="2" xmlns:p8="xsi" />
            </Method>
            <Method cyclomaticComplexity="4" nPathComplexity="4" sequenceCoverage="100" branchCoverage="100" isConstructor="False" isGetter="False" isSetter="False" isStatic="True">
              <Summary numSequencePoints="8" visitedSequencePoints="8" numBranchPoints="4" visitedBranchPoints="4" sequenceCoverage="100" branchCoverage="100" maxCyclomaticComplexity="4" minCyclomaticComplexity="4" visitedClasses="0" numClasses="0" visitedMethods="1" numMethods="1" />
              <MetadataToken />
              <Name>System.Void s21_graph_algorithms.AntColonyPathFinder::UpdatePheromone(System.Double[0...,0...])</Name>
              <FileRef uid="2" />
              <SequencePoints>
                <SequencePoint vc="1225" uspid="151" ordinal="0" sl="151" sc="1" el="151" ec="2" bec="0" bev="0" fileid="2" />
                <SequencePoint vc="24947" uspid="152" ordinal="1" sl="152" sc="1" el="152" ec="2" bec="2" bev="2" fileid="2" />
                <SequencePoint vc="190249" uspid="153" ordinal="2" sl="153" sc="1" el="153" ec="2" bec="2" bev="2" fileid="2" />
                <SequencePoint vc="58417" uspid="154" ordinal="3" sl="154" sc="1" el="154" ec="2" bec="0" bev="0" fileid="2" />
                <SequencePoint vc="58417" uspid="155" ordinal="4" sl="155" sc="1" el="155" ec="2" bec="0" bev="0" fileid="2" />
                <SequencePoint vc="58417" uspid="156" ordinal="5" sl="156" sc="1" el="156" ec="2" bec="0" bev="0" fileid="2" />
                <SequencePoint vc="7499" uspid="157" ordinal="6" sl="157" sc="1" el="157" ec="2" bec="0" bev="0" fileid="2" />
                <SequencePoint vc="1225" uspid="158" ordinal="7" sl="158" sc="1" el="158" ec="2" bec="0" bev="0" fileid="2" />
              </SequencePoints>
              <BranchPoints>
                <BranchPoint vc="7499" uspid="152" ordinal="3" path="1" offset="109" offsetend="5" sl="152" fileid="2" />
                <BranchPoint vc="58417" uspid="153" ordinal="1" path="1" offset="85" offsetend="10" sl="153" fileid="2" />
                <BranchPoint vc="7499" uspid="153" ordinal="0" path="0" offset="85" offsetend="87" sl="153" fileid="2" />
                <BranchPoint vc="1225" uspid="152" ordinal="2" path="0" offset="109" offsetend="111" sl="152" fileid="2" />
              </BranchPoints>
              <MethodPoint vc="8" uspid="0" p8:type="SequencePoint" ordinal="14" offset="14" sc="0" sl="151" ec="1" el="158" bec="0" bev="0" fileid="2" xmlns:p8="xsi" />
            </Method>
            <Method cyclomaticComplexity="1" nPathComplexity="1" sequenceCoverage="100" branchCoverage="100" isConstructor="False" isGetter="False" isSetter="False" isStatic="True">
              <Summary numSequencePoints="7" visitedSequencePoints="7" numBranchPoints="0" visitedBranchPoints="0" sequenceCoverage="100" branchCoverage="100" maxCyclomaticComplexity="1" minCyclomaticComplexity="1" visitedClasses="0" numClasses="0" visitedMethods="1" numMethods="1" />
              <MetadataToken />
              <Name>System.Void s21_graph_algorithms.AntColonyPathFinder::InitStartState()</Name>
              <FileRef uid="2" />
              <SequencePoints>
                <SequencePoint vc="18" uspid="160" ordinal="0" sl="160" sc="1" el="160" ec="2" bec="0" bev="0" fileid="2" />
                <SequencePoint vc="18" uspid="161" ordinal="1" sl="161" sc="1" el="161" ec="2" bec="0" bev="0" fileid="2" />
                <SequencePoint vc="18" uspid="162" ordinal="2" sl="162" sc="1" el="162" ec="2" bec="0" bev="0" fileid="2" />
                <SequencePoint vc="18" uspid="163" ordinal="3" sl="163" sc="1" el="163" ec="2" bec="0" bev="0" fileid="2" />
                <SequencePoint vc="18" uspid="165" ordinal="4" sl="165" sc="1" el="165" ec="2" bec="0" bev="0" fileid="2" />
                <SequencePoint vc="18" uspid="166" ordinal="5" sl="166" sc="1" el="166" ec="2" bec="0" bev="0" fileid="2" />
                <SequencePoint vc="18" uspid="167" ordinal="6" sl="167" sc="1" el="167" ec="2" bec="0" bev="0" fileid="2" />
              </SequencePoints>
              <BranchPoints />
              <MethodPoint vc="7" uspid="0" p8:type="SequencePoint" ordinal="15" offset="15" sc="0" sl="160" ec="1" el="167" bec="0" bev="0" fileid="2" xmlns:p8="xsi" />
            </Method>
            <Method cyclomaticComplexity="8" nPathComplexity="8" sequenceCoverage="100" branchCoverage="100" isConstructor="False" isGetter="False" isSetter="False" isStatic="True">
              <Summary numSequencePoints="10" visitedSequencePoints="10" numBranchPoints="8" visitedBranchPoints="8" sequenceCoverage="100" branchCoverage="100" maxCyclomaticComplexity="8" minCyclomaticComplexity="8" visitedClasses="0" numClasses="0" visitedMethods="1" numMethods="1" />
              <MetadataToken />
              <Name>System.Void s21_graph_algorithms.AntColonyPathFinder::InitPheromoneMatrix()</Name>
              <FileRef uid="2" />
              <SequencePoints>
                <SequencePoint vc="18" uspid="169" ordinal="0" sl="169" sc="1" el="169" ec="2" bec="0" bev="0" fileid="2" />
                <SequencePoint vc="18" uspid="170" ordinal="1" sl="170" sc="1" el="170" ec="2" bec="0" bev="0" fileid="2" />
                <SequencePoint vc="327" uspid="171" ordinal="2" sl="171" sc="1" el="171" ec="2" bec="2" bev="2" fileid="2" />
[...]
              </SequencePoints>
              <BranchPoints>
                <BranchPoint vc="1" uspid="63" ordinal="0" path="0" offset="9" offsetend="11" sl="63" fileid="6" />
                <BranchPoint vc="266" uspid="63" ordinal="1" path="1" offset="9" offsetend="23" sl="63" fileid="6" />
              </BranchPoints>
              <MethodPoint vc="4" uspid="0" p8:type="SequencePoint" ordinal="8" offset="8" sc="0" sl="62" ec="1" el="66" bec="0" bev="0" fileid="6" xmlns:p8="xsi" />
            </Method>
            <Method cyclomaticComplexity="2" nPathComplexity="2" sequenceCoverage="100" branchCoverage="100" isConstructor="False" isGetter="False" isSetter="False" isStatic="True">
              <Summary numSequencePoints="4" visitedSequencePoints="4" numBranchPoints="2" visitedBranchPoints="2" sequenceCoverage="100" branchCoverage="100" maxCyclomaticComplexity="2" minCyclomaticComplexity="2" visitedClasses="0" numClasses="0" visitedMethods="1" numMethods="1" />
              <MetadataToken />
              <Name>System.Void s21_helpers.Containers.Queue::ThrowIfQueueIsEmpty()</Name>
              <FileRef uid="6" />
              <SequencePoints>
                <SequencePoint vc="89" uspid="68" ordinal="0" sl="68" sc="1" el="68" ec="2" bec="0" bev="0" fileid="6" />
                <SequencePoint vc="92" uspid="69" ordinal="1" sl="69" sc="1" el="69" ec="2" bec="2" bev="2" fileid="6" />
                <SequencePoint vc="3" uspid="70" ordinal="2" sl="70" sc="1" el="70" ec="2" bec="0" bev="0" fileid="6" />
                <SequencePoint vc="86" uspid="72" ordinal="3" sl="72" sc="1" el="72" ec="2" bec="0" bev="0" fileid="6" />
              </SequencePoints>
              <BranchPoints>
                <BranchPoint vc="3" uspid="69" ordinal="0" path="0" offset="17" offsetend="19" sl="69" fileid="6" />
                <BranchPoint vc="86" uspid="69" ordinal="1" path="1" offset="17" offsetend="31" sl="69" fileid="6" />
              </BranchPoints>
              <MethodPoint vc="4" uspid="0" p8:type="SequencePoint" ordinal="9" offset="9" sc="0" sl="68" ec="1" el="72" bec="0" bev="0" fileid="6" xmlns:p8="xsi" />
            </Method>
            <Method cyclomaticComplexity="1" nPathComplexity="1" sequenceCoverage="100" branchCoverage="100" isConstructor="True" isGetter="False" isSetter="False" isStatic="True">
              <Summary numSequencePoints="4" visitedSequencePoints="4" numBranchPoints="0" visitedBranchPoints="0" sequenceCoverage="100" branchCoverage="100" maxCyclomaticComplexity="1" minCyclomaticComplexity="1" visitedClasses="0" numClasses="0" visitedMethods="1" numMethods="1" />
              <MetadataToken />
              <Name>System.Void s21_helpers.Containers.Queue::.ctor()</Name>
              <FileRef uid="6" />
              <SequencePoints>
                <SequencePoint vc="17" uspid="7" ordinal="0" sl="7" sc="1" el="7" ec="2" bec="0" bev="0" fileid="6" />
                <SequencePoint vc="34" uspid="9" ordinal="1" sl="9" sc="1" el="9" ec="2" bec="0" bev="0" fileid="6" />
                <SequencePoint vc="17" uspid="10" ordinal="2" sl="10" sc="1" el="10" ec="2" bec="0" bev="0" fileid="6" />
                <SequencePoint vc="17" uspid="11" ordinal="3" sl="11" sc="1" el="11" ec="2" bec="0" bev="0" fileid="6" />
              </SequencePoints>
              <BranchPoints />
              <MethodPoint vc="4" uspid="0" p8:type="SequencePoint" ordinal="10" offset="10" sc="0" sl="7" ec="1" el="11" bec="0" bev="0" fileid="6" xmlns:p8="xsi" />
            </Method>
          </Methods>
        </Class>
        <Class>
          <Summary numSequencePoints="48" visitedSequencePoints="48" numBranchPoints="8" visitedBranchPoints="8" sequenceCoverage="100" branchCoverage="100" maxCyclomaticComplexity="4" minCyclomaticComplexity="1" visitedClasses="1" numClasses="1" visitedMethods="10" numMethods="10" />
          <FullName>s21_helpers.Containers.Stack</FullName>
          <Methods>
            <Method cyclomaticComplexity="1" nPathComplexity="1" sequenceCoverage="100" branchCoverage="100" isConstructor="False" isGetter="False" isSetter="False" isStatic="True">
              <Summary numSequencePoints="4" visitedSequencePoints="4" numBranchPoints="0" visitedBranchPoints="0" sequenceCoverage="100" branchCoverage="100" maxCyclomaticComplexity="1" minCyclomaticComplexity="1" visitedClasses="0" numClasses="0" visitedMethods="1" numMethods="1" />
              <MetadataToken />
              <Name>System.Int32 s21_helpers.Containers.Stack::Count()</Name>
              <FileRef uid="7" />
              <SequencePoints>
                <SequencePoint vc="122" uspid="13" ordinal="0" sl="13" sc="1" el="13" ec="2" bec="0" bev="0" fileid="7" />
                <SequencePoint vc="122" uspid="14" ordinal="1" sl="14" sc="1" el="14" ec="2" bec="0" bev="0" fileid="7" />
                <SequencePoint vc="121" uspid="15" ordinal="2" sl="15" sc="1" el="15" ec="2" bec="0" bev="0" fileid="7" />
                <SequencePoint vc="121" uspid="16" ordinal="3" sl="16" sc="1" el="16" ec="2" bec="0" bev="0" fileid="7" />
              </SequencePoints>
              <BranchPoints />
              <MethodPoint vc="4" uspid="0" p8:type="SequencePoint" ordinal="0" offset="0" sc="0" sl="13" ec="1" el="16" bec="0" bev="0" fileid="7" xmlns:p8="xsi" />
            </Method>
            <Method cyclomaticComplexity="1" nPathComplexity="1" sequenceCoverage="100" branchCoverage="100" isConstructor="False" isGetter="False" isSetter="False" isStatic="True">
              <Summary numSequencePoints="4" visitedSequencePoints="4" numBranchPoints="0" visitedBranchPoints="0" sequenceCoverage="100" branchCoverage="100" maxCyclomaticComplexity="1" minCyclomaticComplexity="1" visitedClasses="0" numClasses="0" visitedMethods="1" numMethods="1" />
              <MetadataToken />
              <Name>System.Void s21_helpers.Containers.Stack::Push(System.Int32)</Name>
              <FileRef uid="7" />
              <SequencePoints>
                <SequencePoint vc="67" uspid="18" ordinal="0" sl="18" sc="1" el="18" ec="2" bec="0" bev="0" fileid="7" />
                <SequencePoint vc="67" uspid="19" ordinal="1" sl="19" sc="1" el="19" ec="2" bec="0" bev="0" fileid="7" />
                <SequencePoint vc="67" uspid="20" ordinal="2" sl="20" sc="1" el="20" ec="2" bec="0" bev="0" fileid="7" />
                <SequencePoint vc="67" uspid="21" ordinal="3" sl="21" sc="1" el="21" ec="2" bec="0" bev="0" fileid="7" />
              </SequencePoints>
              <BranchPoints />
              <MethodPoint vc="4" uspid="0" p8:type="SequencePoint" ordinal="1" offset="1" sc="0" sl="18" ec="1" el="21" bec="0" bev="0" fileid="7" xmlns:p8="xsi" />
            </Method>
            <Method cyclomaticComplexity="1" nPathComplexity="1" sequenceCoverage="100" branchCoverage="100" isConstructor="False" isGetter="False" isSetter="False" isStatic="True">
              <Summary numSequencePoints="7" visitedSequencePoints="7" numBranchPoints="0" visitedBranchPoints="0" sequenceCoverage="100" branchCoverage="100" maxCyclomaticComplexity="1" minCyclomaticComplexity="1" visitedClasses="0" numClasses="0" visitedMethods="1" numMethods="1" />
              <MetadataToken />
              <Name>System.Int32 s21_helpers.Containers.Stack::Pop()</Name>
              <FileRef uid="7" />
              <SequencePoints>
                <SequencePoint vc="33" uspid="23" ordinal="0" sl="23" sc="1" el="23" ec="2" bec="0" bev="0" fileid="7" />
                <SequencePoint vc="33" uspid="24" ordinal="1" sl="24" sc="1" el="24" ec="2" bec="0" bev="0" fileid="7" />
                <SequencePoint vc="33" uspid="25" ordinal="2" sl="25" sc="1" el="25" ec="2" bec="0" bev="0" fileid="7" />
                <SequencePoint vc="32" uspid="26" ordinal="3" sl="26" sc="1" el="26" ec="2" bec="0" bev="0" fileid="7" />
                <SequencePoint vc="32" uspid="27" ordinal="4" sl="27" sc="1" el="27" ec="2" bec="0" bev="0" fileid="7" />
                <SequencePoint vc="32" uspid="28" ordinal="5" sl="28" sc="1" el="28" ec="2" bec="0" bev="0" fileid="7" />
                <SequencePoint vc="32" uspid="29" ordinal="6" sl="29" sc="1" el="29" ec="2" bec="0" bev="0" fileid="7" />
              </SequencePoints>
              <BranchPoints />
              <MethodPoint vc="7" uspid="0" p8:type="SequencePoint" ordinal="2" offset="2" sc="0" sl="23" ec="1" el="29" bec="0" bev="0" fileid="7" xmlns:p8="xsi" />
            </Method>
            <Method cyclomaticComplexity="1" nPathComplexity="1" sequenceCoverage="100" branchCoverage="100" isConstructor="False" isGetter="False" isSetter="False" isStatic="True">
              <Summary numSequencePoints="5" visitedSequencePoints="5" numBranchPoints="0" visitedBranchPoints="0" sequenceCoverage="100" branchCoverage="100" maxCyclomaticComplexity="1" minCyclomaticComplexity="1" visitedClasses="0" numClasses="0" visitedMethods="1" numMethods="1" />
              <MetadataToken />
              <Name>System.Int32 s21_helpers.Containers.Stack::Top()</Name>
              <FileRef uid="7" />
              <SequencePoints>
                <SequencePoint vc="33" uspid="31" ordinal="0" sl="31" sc="1" el="31" ec="2" bec="0" bev="0" fileid="7" />
                <SequencePoint vc="33" uspid="32" ordinal="1" sl="32" sc="1" el="32" ec="2" bec="0" bev="0" fileid="7" />
                <SequencePoint vc="33" uspid="33" ordinal="2" sl="33" sc="1" el="33" ec="2" bec="0" bev="0" fileid="7" />
                <SequencePoint vc="32" uspid="34" ordinal="3" sl="34" sc="1" el="34" ec="2" bec="0" bev="0" fileid="7" />
                <SequencePoint vc="32" uspid="35" ordinal="4" sl="35" sc="1" el="35" ec="2" bec="0" bev="0" fileid="7" />
              </SequencePoints>
              <BranchPoints />
              <MethodPoint vc="5" uspid="0" p8:type="SequencePoint" ordinal="3" offset="3" sc="0" sl="31" ec="1" el="35" bec="0" bev="0" fileid="7" xmlns:p8="xsi" />
            </Method>
            <Method cyclomaticComplexity="1" nPathComplexity="1" sequenceCoverage="100" branchCoverage="100" isConstructor="False" isGetter="False" isSetter="False" isStatic="True">
              <Summary numSequencePoints="4" visitedSequencePoints="4" numBranchPoints="0" visitedBranchPoints="0" sequenceCoverage="100" branchCoverage="100" maxCyclomaticComplexity="1" minCyclomaticComplexity="1" visitedClasses="0" numClasses="0" visitedMethods="1" numMethods="1" />
              <MetadataToken />
              <Name>System.Void s21_helpers.Containers.Stack::Dispose()</Name>
              <FileRef uid="7" />
              <SequencePoints>
                <SequencePoint vc="1" uspid="37" ordinal="0" sl="37" sc="1" el="37" ec="2" bec="0" bev="0" fileid="7" />
                <SequencePoint vc="1" uspid="38" ordinal="1" sl="38" sc="1" el="38" ec="2" bec="0" bev="0" fileid="7" />
                <SequencePoint vc="1" uspid="39" ordinal="2" sl="39" sc="1" el="39" ec="2" bec="0" bev="0" fileid="7" />
                <SequencePoint vc="1" uspid="40" ordinal="3" sl="40" sc="1" el="40" ec="2" bec="0" bev="0" fileid="7" />
              </SequencePoints>
              <BranchPoints />
              <MethodPoint vc="4" uspid="0" p8:type="SequencePoint" ordinal="4" offset="4" sc="0" sl="37" ec="1" el="40" bec="0" bev="0" fileid="7" xmlns:p8="xsi" />
            </Method>
            <Method cyclomaticComplexity="4" nPathComplexity="4" sequenceCoverage="100" branchCoverage="100" isConstructor="False" isGetter="False" isSetter="False" isStatic="True">
              <Summary numSequencePoints="9" visitedSequencePoints="9" numBranchPoints="4" visitedBranchPoints="4" sequenceCoverage="100" branchCoverage="100" maxCyclomaticComplexity="4" minCyclomaticComplexity="4" visitedClasses="0" numClasses="0" visitedMethods="1" numMethods="1" />
              <MetadataToken />
              <Name>System.Void s21_helpers.Containers.Stack::Dispose(System.Boolean)</Name>
              <FileRef uid="7" />
              <SequencePoints>
                <SequencePoint vc="2" uspid="42" ordinal="0" sl="42" sc="1" el="42" ec="2" bec="0" bev="0" fileid="7" />
                <SequencePoint vc="4" uspid="43" ordinal="1" sl="43" sc="1" el="43" ec="2" bec="2" bev="2" fileid="7" />
                <SequencePoint vc="4" uspid="44" ordinal="2" sl="44" sc="1" el="44" ec="2" bec="2" bev="2" fileid="7" />
                <SequencePoint vc="2" uspid="45" ordinal="3" sl="45" sc="1" el="45" ec="2" bec="0" bev="0" fileid="7" />
                <SequencePoint vc="2" uspid="46" ordinal="4" sl="46" sc="1" el="46" ec="2" bec="0" bev="0" fileid="7" />
                <SequencePoint vc="2" uspid="47" ordinal="5" sl="47" sc="1" el="47" ec="2" bec="0" bev="0" fileid="7" />
                <SequencePoint vc="2" uspid="48" ordinal="6" sl="48" sc="1" el="48" ec="2" bec="0" bev="0" fileid="7" />
                <SequencePoint vc="2" uspid="49" ordinal="7" sl="49" sc="1" el="49" ec="2" bec="0" bev="0" fileid="7" />
                <SequencePoint vc="2" uspid="50" ordinal="8" sl="50" sc="1" el="50" ec="2" bec="0" bev="0" fileid="7" />
              </SequencePoints>
              <BranchPoints>
                <BranchPoint vc="2" uspid="43" ordinal="0" path="0" offset="12" offsetend="14" sl="43" fileid="7" />
                <BranchPoint vc="2" uspid="44" ordinal="2" path="0" offset="33" offsetend="35" sl="44" fileid="7" />
                <BranchPoint vc="2" uspid="44" ordinal="3" path="1" offset="33" offsetend="60" sl="44" fileid="7" />
                <BranchPoint vc="2" uspid="43" ordinal="1" path="1" offset="12" offsetend="68" sl="43" fileid="7" />
              </BranchPoints>
              <MethodPoint vc="9" uspid="0" p8:type="SequencePoint" ordinal="5" offset="5" sc="0" sl="42" ec="1" el="50" bec="0" bev="0" fileid="7" xmlns:p8="xsi" />
            </Method>
            <Method cyclomaticComplexity="1" nPathComplexity="1" sequenceCoverage="100" branchCoverage="100" isConstructor="False" isGetter="False" isSetter="False" isStatic="True">
              <Summary numSequencePoints="3" visitedSequencePoints="3" numBranchPoints="0" visitedBranchPoints="0" sequenceCoverage="100" branchCoverage="100" maxCyclomaticComplexity="1" minCyclomaticComplexity="1" visitedClasses="0" numClasses="0" visitedMethods="1" numMethods="1" />
              <MetadataToken />
              <Name>System.Void s21_helpers.Containers.Stack::Finalize()</Name>
              <FileRef uid="7" />
              <SequencePoints>
                <SequencePoint vc="2" uspid="52" ordinal="0" sl="52" sc="1" el="52" ec="2" bec="0" bev="0" fileid="7" />
                <SequencePoint vc="1" uspid="53" ordinal="1" sl="53" sc="1" el="53" ec="2" bec="0" bev="0" fileid="7" />
                <SequencePoint vc="2" uspid="54" ordinal="2" sl="54" sc="1" el="54" ec="2" bec="0" bev="0" fileid="7" />
              </SequencePoints>
              <BranchPoints />
              <MethodPoint vc="3" uspid="0" p8:type="SequencePoint" ordinal="6" offset="6" sc="0" sl="52" ec="1" el="54" bec="0" bev="0" fileid="7" xmlns:p8="xsi" />
            </Method>
            <Method cyclomaticComplexity="2" nPathComplexity="2" sequenceCoverage="100" branchCoverage="100" isConstructor="False" isGetter="False" isSetter="False" isStatic="True">
              <Summary numSequencePoints="4" visitedSequencePoints="4" numBranchPoints="2" visitedBranchPoints="2" sequenceCoverage="100" branchCoverage="100" maxCyclomaticComplexity="2" minCyclomaticComplexity="2" visitedClasses="0" numClasses="0" visitedMethods="1" numMethods="1" />
              <MetadataToken />
              <Name>System.Void s21_helpers.Containers.Stack::ThrowIfDisposed()</Name>
              <FileRef uid="7" />
              <SequencePoints>
                <SequencePoint vc="255" uspid="56" ordinal="0" sl="56" sc="1" el="56" ec="2" bec="0" bev="0" fileid="7" />
                <SequencePoint vc="256" uspid="57" ordinal="1" sl="57" sc="1" el="57" ec="2" bec="2" bev="2" fileid="7" />
                <SequencePoint vc="1" uspid="58" ordinal="2" sl="58" sc="1" el="58" ec="2" bec="0" bev="0" fileid="7" />
                <SequencePoint vc="254" uspid="60" ordinal="3" sl="60" sc="1" el="60" ec="2" bec="0" bev="0" fileid="7" />
              </SequencePoints>
              <BranchPoints>
                <BranchPoint vc="1" uspid="57" ordinal="0" path="0" offset="9" offsetend="11" sl="57" fileid="7" />
                <BranchPoint vc="254" uspid="57" ordinal="1" path="1" offset="9" offsetend="23" sl="57" fileid="7" />
              </BranchPoints>
              <MethodPoint vc="4" uspid="0" p8:type="SequencePoint" ordinal="7" offset="7" sc="0" sl="56" ec="1" el="60" bec="0" bev="0" fileid="7" xmlns:p8="xsi" />
            </Method>
            <Method cyclomaticComplexity="2" nPathComplexity="2" sequenceCoverage="100" branchCoverage="100" isConstructor="False" isGetter="False" isSetter="False" isStatic="True">
              <Summary numSequencePoints="4" visitedSequencePoints="4" numBranchPoints="2" visitedBranchPoints="2" sequenceCoverage="100" branchCoverage="100" maxCyclomaticComplexity="2" minCyclomaticComplexity="2" visitedClasses="0" numClasses="0" visitedMethods="1" numMethods="1" />
              <MetadataToken />
              <Name>System.Void s21_helpers.Containers.Stack::ThrowIfStackIsEmpty()</Name>
              <FileRef uid="7" />
              <SequencePoints>
                <SequencePoint vc="66" uspid="62" ordinal="0" sl="62" sc="1" el="62" ec="2" bec="0" bev="0" fileid="7" />
                <SequencePoint vc="68" uspid="63" ordinal="1" sl="63" sc="1" el="63" ec="2" bec="2" bev="2" fileid="7" />
                <SequencePoint vc="2" uspid="64" ordinal="2" sl="64" sc="1" el="64" ec="2" bec="0" bev="0" fileid="7" />
                <SequencePoint vc="64" uspid="66" ordinal="3" sl="66" sc="1" el="66" ec="2" bec="0" bev="0" fileid="7" />
              </SequencePoints>
              <BranchPoints>
                <BranchPoint vc="2" uspid="63" ordinal="0" path="0" offset="17" offsetend="19" sl="63" fileid="7" />
                <BranchPoint vc="64" uspid="63" ordinal="1" path="1" offset="17" offsetend="31" sl="63" fileid="7" />
              </BranchPoints>
              <MethodPoint vc="4" uspid="0" p8:type="SequencePoint" ordinal="8" offset="8" sc="0" sl="62" ec="1" el="66" bec="0" bev="0" fileid="7" xmlns:p8="xsi" />
            </Method>
            <Method cyclomaticComplexity="1" nPathComplexity="1" sequenceCoverage="100" branchCoverage="100" isConstructor="True" isGetter="False" isSetter="False" isStatic="True">
              <Summary numSequencePoints="4" visitedSequencePoints="4" numBranchPoints="0" visitedBranchPoints="0" sequenceCoverage="100" branchCoverage="100" maxCyclomaticComplexity="1" minCyclomaticComplexity="1" visitedClasses="0" numClasses="0" visitedMethods="1" numMethods="1" />
              <MetadataToken />
              <Name>System.Void s21_helpers.Containers.Stack::.ctor()</Name>
              <FileRef uid="7" />
              <SequencePoints>
                <SequencePoint vc="14" uspid="7" ordinal="0" sl="7" sc="1" el="7" ec="2" bec="0" bev="0" fileid="7" />
                <SequencePoint vc="28" uspid="9" ordinal="1" sl="9" sc="1" el="9" ec="2" bec="0" bev="0" fileid="7" />
                <SequencePoint vc="14" uspid="10" ordinal="2" sl="10" sc="1" el="10" ec="2" bec="0" bev="0" fileid="7" />
                <SequencePoint vc="14" uspid="11" ordinal="3" sl="11" sc="1" el="11" ec="2" bec="0" bev="0" fileid="7" />
              </SequencePoints>
              <BranchPoints />
              <MethodPoint vc="4" uspid="0" p8:type="SequencePoint" ordinal="9" offset="9" sc="0" sl="7" ec="1" el="11" bec="0" bev="0" fileid="7" xmlns:p8="xsi" />
            </Method>
          </Methods>
        </Class>
      </Classes>
    </Module>
  </Modules>
</CoverageSession>